[23-Nov-2023 15:00:06 UTC] PHP Warning:  require_once(): open_basedir restriction in effect. File(C:\Users\versa\Documents\Donjon_et_dragon_php_poo\Systeme.php) is not within the allowed path(s): (C:\wamp64\www;C:\Users\versa\Documents\Php\Exercices\TP\TP2_a_rendre) in C:\Users\versa\Documents\Donjon_et_dragon_php_poo\index.php on line 2
[23-Nov-2023 15:00:06 UTC] PHP Warning:  require_once(C:\Users\versa\Documents\Donjon_et_dragon_php_poo\Systeme.php): Failed to open stream: Operation not permitted in C:\Users\versa\Documents\Donjon_et_dragon_php_poo\index.php on line 2
[23-Nov-2023 15:00:06 UTC] PHP Fatal error:  Uncaught Error: Failed opening required 'Systeme.php' (include_path='.;C:\php\pear') in C:\Users\versa\Documents\Donjon_et_dragon_php_poo\index.php:2
Stack trace:
#0 {main}
  thrown in C:\Users\versa\Documents\Donjon_et_dragon_php_poo\index.php on line 2
[23-Nov-2023 15:06:40 UTC] PHP Warning:  Undefined variable $host in C:\Users\versa\Documents\Donjon_et_dragon_php_poo\Config.php on line 6
[23-Nov-2023 15:06:40 UTC] PHP Warning:  Undefined variable $dbname in C:\Users\versa\Documents\Donjon_et_dragon_php_poo\Config.php on line 6
[23-Nov-2023 15:06:40 UTC] PHP Warning:  Undefined variable $user in C:\Users\versa\Documents\Donjon_et_dragon_php_poo\Config.php on line 6
[23-Nov-2023 15:06:40 UTC] PHP Warning:  Undefined variable $password in C:\Users\versa\Documents\Donjon_et_dragon_php_poo\Config.php on line 6
[23-Nov-2023 15:06:55 UTC] PHP Warning:  Undefined variable $pv in C:\Users\versa\Documents\Donjon_et_dragon_php_poo\Personnage.php on line 20
[23-Nov-2023 15:06:55 UTC] PHP Warning:  Undefined variable $pa in C:\Users\versa\Documents\Donjon_et_dragon_php_poo\Personnage.php on line 21
[23-Nov-2023 15:06:55 UTC] PHP Warning:  Undefined variable $pd in C:\Users\versa\Documents\Donjon_et_dragon_php_poo\Personnage.php on line 22
[23-Nov-2023 15:06:55 UTC] PHP Warning:  Undefined variable $xp in C:\Users\versa\Documents\Donjon_et_dragon_php_poo\Personnage.php on line 23
[23-Nov-2023 15:06:55 UTC] PHP Warning:  Undefined variable $lvl in C:\Users\versa\Documents\Donjon_et_dragon_php_poo\Personnage.php on line 24
[23-Nov-2023 15:06:55 UTC] PHP Fatal error:  Uncaught Error: Class "Monstre" not found in C:\Users\versa\Documents\Donjon_et_dragon_php_poo\index.php:10
Stack trace:
#0 {main}
  thrown in C:\Users\versa\Documents\Donjon_et_dragon_php_poo\index.php on line 10
[23-Nov-2023 15:08:40 UTC] PHP Warning:  Undefined variable $pv in C:\Users\versa\Documents\Donjon_et_dragon_php_poo\Personnage.php on line 20
[23-Nov-2023 15:08:40 UTC] PHP Warning:  Undefined variable $pa in C:\Users\versa\Documents\Donjon_et_dragon_php_poo\Personnage.php on line 21
[23-Nov-2023 15:08:40 UTC] PHP Warning:  Undefined variable $pd in C:\Users\versa\Documents\Donjon_et_dragon_php_poo\Personnage.php on line 22
[23-Nov-2023 15:08:40 UTC] PHP Warning:  Undefined variable $xp in C:\Users\versa\Documents\Donjon_et_dragon_php_poo\Personnage.php on line 23
[23-Nov-2023 15:08:40 UTC] PHP Warning:  Undefined variable $lvl in C:\Users\versa\Documents\Donjon_et_dragon_php_poo\Personnage.php on line 24
[23-Nov-2023 15:08:40 UTC] PHP Fatal error:  Uncaught Error: Class "Monstre" not found in C:\Users\versa\Documents\Donjon_et_dragon_php_poo\index.php:10
Stack trace:
#0 {main}
  thrown in C:\Users\versa\Documents\Donjon_et_dragon_php_poo\index.php on line 10
[23-Nov-2023 15:10:00 UTC] PHP Fatal error:  Uncaught Error: Class "Monstre" not found in C:\Users\versa\Documents\Donjon_et_dragon_php_poo\index.php:10
Stack trace:
#0 {main}
  thrown in C:\Users\versa\Documents\Donjon_et_dragon_php_poo\index.php on line 10
[23-Nov-2023 15:10:53 UTC] PHP Fatal error:  Uncaught Error: Class "Monstre" not found in C:\Users\versa\Documents\Donjon_et_dragon_php_poo\index.php:10
Stack trace:
#0 {main}
  thrown in C:\Users\versa\Documents\Donjon_et_dragon_php_poo\index.php on line 10
[23-Nov-2023 15:11:58 UTC] PHP Warning:  require_once(SallesDAO.php): Failed to open stream: No such file or directory in C:\Users\versa\Documents\Donjon_et_dragon_php_poo\Salle.php on line 3
[23-Nov-2023 15:11:58 UTC] PHP Fatal error:  Uncaught Error: Failed opening required 'SallesDAO.php' (include_path='.;C:\php\pear') in C:\Users\versa\Documents\Donjon_et_dragon_php_poo\Salle.php:3
Stack trace:
#0 C:\Users\versa\Documents\Donjon_et_dragon_php_poo\Systeme.php(5): require_once()
#1 C:\Users\versa\Documents\Donjon_et_dragon_php_poo\index.php(3): require_once('C:\\Users\\versa\\...')
#2 {main}
  thrown in C:\Users\versa\Documents\Donjon_et_dragon_php_poo\Salle.php on line 3
[23-Nov-2023 15:12:26 UTC] PHP Warning:  require_once(SallesDAO.php): Failed to open stream: No such file or directory in C:\Users\versa\Documents\Donjon_et_dragon_php_poo\Salle.php on line 3
[23-Nov-2023 15:12:26 UTC] PHP Fatal error:  Uncaught Error: Failed opening required 'SallesDAO.php' (include_path='.;C:\php\pear') in C:\Users\versa\Documents\Donjon_et_dragon_php_poo\Salle.php:3
Stack trace:
#0 C:\Users\versa\Documents\Donjon_et_dragon_php_poo\Systeme.php(5): require_once()
#1 C:\Users\versa\Documents\Donjon_et_dragon_php_poo\index.php(3): require_once('C:\\Users\\versa\\...')
#2 {main}
  thrown in C:\Users\versa\Documents\Donjon_et_dragon_php_poo\Salle.php on line 3
[23-Nov-2023 15:13:13 UTC] PHP Warning:  require_once(SallesDAO.php): Failed to open stream: No such file or directory in C:\Users\versa\Documents\Donjon_et_dragon_php_poo\Salle.php on line 3
[23-Nov-2023 15:13:13 UTC] PHP Fatal error:  Uncaught Error: Failed opening required 'SallesDAO.php' (include_path='.;C:\php\pear') in C:\Users\versa\Documents\Donjon_et_dragon_php_poo\Salle.php:3
Stack trace:
#0 C:\Users\versa\Documents\Donjon_et_dragon_php_poo\Systeme.php(5): require_once()
#1 C:\Users\versa\Documents\Donjon_et_dragon_php_poo\index.php(3): require_once('C:\\Users\\versa\\...')
#2 {main}
  thrown in C:\Users\versa\Documents\Donjon_et_dragon_php_poo\Salle.php on line 3
[23-Nov-2023 15:15:22 UTC] PHP Fatal error:  Uncaught Error: Class "Monstre" not found in C:\Users\versa\Documents\Donjon_et_dragon_php_poo\index.php:10
Stack trace:
#0 {main}
  thrown in C:\Users\versa\Documents\Donjon_et_dragon_php_poo\index.php on line 10
[23-Nov-2023 15:15:56 UTC] PHP Warning:  Undefined variable $pv in C:\Users\versa\Documents\Donjon_et_dragon_php_poo\Monstres.php on line 18
[23-Nov-2023 15:15:56 UTC] PHP Warning:  Undefined variable $pa in C:\Users\versa\Documents\Donjon_et_dragon_php_poo\Monstres.php on line 19
[23-Nov-2023 15:15:56 UTC] PHP Warning:  Undefined variable $pd in C:\Users\versa\Documents\Donjon_et_dragon_php_poo\Monstres.php on line 20
[23-Nov-2023 15:15:56 UTC] PHP Warning:  Undefined variable $xp in C:\Users\versa\Documents\Donjon_et_dragon_php_poo\Monstres.php on line 21
[23-Nov-2023 15:15:56 UTC] PHP Warning:  Undefined variable $lvl in C:\Users\versa\Documents\Donjon_et_dragon_php_poo\Monstres.php on line 22
[23-Nov-2023 15:19:46 UTC] PHP Warning:  require_once(SalleSpecialeDAO.php): Failed to open stream: No such file or directory in C:\Users\versa\Documents\Donjon_et_dragon_php_poo\SalleSpeciale.php on line 3
[23-Nov-2023 15:19:46 UTC] PHP Fatal error:  Uncaught Error: Failed opening required 'SalleSpecialeDAO.php' (include_path='.;C:\php\pear') in C:\Users\versa\Documents\Donjon_et_dragon_php_poo\SalleSpeciale.php:3
Stack trace:
#0 C:\Users\versa\Documents\Donjon_et_dragon_php_poo\index.php(9): require_once()
#1 {main}
  thrown in C:\Users\versa\Documents\Donjon_et_dragon_php_poo\SalleSpeciale.php on line 3
[23-Nov-2023 15:20:45 UTC] PHP Fatal error:  Uncaught Error: Class "Monstre" not found in C:\Users\versa\Documents\Donjon_et_dragon_php_poo\index.php:11
Stack trace:
#0 {main}
  thrown in C:\Users\versa\Documents\Donjon_et_dragon_php_poo\index.php on line 11
[23-Nov-2023 15:21:01 UTC] PHP Fatal error:  Uncaught ArgumentCountError: Too few arguments to function Monstres::__construct(), 6 passed in C:\Users\versa\Documents\Donjon_et_dragon_php_poo\index.php on line 11 and exactly 7 expected in C:\Users\versa\Documents\Donjon_et_dragon_php_poo\Monstres.php:16
Stack trace:
#0 C:\Users\versa\Documents\Donjon_et_dragon_php_poo\index.php(11): Monstres->__construct('Squelette furie...', 100, 10, 5, 0, 1)
#1 {main}
  thrown in C:\Users\versa\Documents\Donjon_et_dragon_php_poo\Monstres.php on line 16
[23-Nov-2023 15:26:21 UTC] PHP Warning:  Undefined variable $pv in C:\Users\versa\Documents\Donjon_et_dragon_php_poo\Monstres.php on line 18
[23-Nov-2023 15:26:21 UTC] PHP Warning:  Undefined variable $pa in C:\Users\versa\Documents\Donjon_et_dragon_php_poo\Monstres.php on line 19
[23-Nov-2023 15:26:21 UTC] PHP Warning:  Undefined variable $pd in C:\Users\versa\Documents\Donjon_et_dragon_php_poo\Monstres.php on line 20
[23-Nov-2023 15:26:21 UTC] PHP Warning:  Undefined variable $xp in C:\Users\versa\Documents\Donjon_et_dragon_php_poo\Monstres.php on line 21
[23-Nov-2023 15:26:21 UTC] PHP Warning:  Undefined variable $lvl in C:\Users\versa\Documents\Donjon_et_dragon_php_poo\Monstres.php on line 22
[23-Nov-2023 15:26:21 UTC] PHP Warning:  Undefined variable $pv in C:\Users\versa\Documents\Donjon_et_dragon_php_poo\Monstres.php on line 18
[23-Nov-2023 15:26:21 UTC] PHP Warning:  Undefined variable $pa in C:\Users\versa\Documents\Donjon_et_dragon_php_poo\Monstres.php on line 19
[23-Nov-2023 15:26:21 UTC] PHP Warning:  Undefined variable $pd in C:\Users\versa\Documents\Donjon_et_dragon_php_poo\Monstres.php on line 20
[23-Nov-2023 15:26:21 UTC] PHP Warning:  Undefined variable $xp in C:\Users\versa\Documents\Donjon_et_dragon_php_poo\Monstres.php on line 21
[23-Nov-2023 15:26:21 UTC] PHP Warning:  Undefined variable $lvl in C:\Users\versa\Documents\Donjon_et_dragon_php_poo\Monstres.php on line 22
[23-Nov-2023 15:27:41 UTC] PHP Warning:  Undefined variable $pv in C:\Users\versa\Documents\Donjon_et_dragon_php_poo\Monstres.php on line 17
[23-Nov-2023 15:27:41 UTC] PHP Warning:  Undefined variable $pa in C:\Users\versa\Documents\Donjon_et_dragon_php_poo\Monstres.php on line 18
[23-Nov-2023 15:27:41 UTC] PHP Warning:  Undefined variable $pd in C:\Users\versa\Documents\Donjon_et_dragon_php_poo\Monstres.php on line 19
[23-Nov-2023 15:27:41 UTC] PHP Warning:  Undefined variable $xp in C:\Users\versa\Documents\Donjon_et_dragon_php_poo\Monstres.php on line 20
[23-Nov-2023 15:27:41 UTC] PHP Warning:  Undefined variable $lvl in C:\Users\versa\Documents\Donjon_et_dragon_php_poo\Monstres.php on line 21
[23-Nov-2023 15:27:41 UTC] PHP Warning:  Undefined variable $pv in C:\Users\versa\Documents\Donjon_et_dragon_php_poo\Monstres.php on line 17
[23-Nov-2023 15:27:41 UTC] PHP Warning:  Undefined variable $pa in C:\Users\versa\Documents\Donjon_et_dragon_php_poo\Monstres.php on line 18
[23-Nov-2023 15:27:41 UTC] PHP Warning:  Undefined variable $pd in C:\Users\versa\Documents\Donjon_et_dragon_php_poo\Monstres.php on line 19
[23-Nov-2023 15:27:41 UTC] PHP Warning:  Undefined variable $xp in C:\Users\versa\Documents\Donjon_et_dragon_php_poo\Monstres.php on line 20
[23-Nov-2023 15:27:41 UTC] PHP Warning:  Undefined variable $lvl in C:\Users\versa\Documents\Donjon_et_dragon_php_poo\Monstres.php on line 21
[23-Nov-2023 15:36:54 UTC] PHP Warning:  Undefined variable $bdd in C:\Users\versa\Documents\Donjon_et_dragon_php_poo\Monstres.php on line 121
[23-Nov-2023 15:36:54 UTC] PHP Fatal error:  Uncaught Error: Call to a member function prepare() on null in C:\Users\versa\Documents\Donjon_et_dragon_php_poo\MonstresDAO.php:18
Stack trace:
#0 C:\Users\versa\Documents\Donjon_et_dragon_php_poo\Monstres.php(126): MonstresDAO->ajouterMonstre(Object(Monstres))
#1 C:\Users\versa\Documents\Donjon_et_dragon_php_poo\Systeme.php(4): require_once('C:\\Users\\versa\\...')
#2 C:\Users\versa\Documents\Donjon_et_dragon_php_poo\index.php(3): require_once('C:\\Users\\versa\\...')
#3 {main}
  thrown in C:\Users\versa\Documents\Donjon_et_dragon_php_poo\MonstresDAO.php on line 18
[23-Nov-2023 15:37:12 UTC] PHP Warning:  Undefined variable $bdd in C:\Users\versa\Documents\Donjon_et_dragon_php_poo\Monstres.php on line 121
[23-Nov-2023 15:37:12 UTC] PHP Fatal error:  Uncaught Error: Call to a member function prepare() on null in C:\Users\versa\Documents\Donjon_et_dragon_php_poo\MonstresDAO.php:18
Stack trace:
#0 C:\Users\versa\Documents\Donjon_et_dragon_php_poo\Monstres.php(126): MonstresDAO->ajouterMonstre(Object(Monstres))
#1 C:\Users\versa\Documents\Donjon_et_dragon_php_poo\Systeme.php(4): require_once('C:\\Users\\versa\\...')
#2 C:\Users\versa\Documents\Donjon_et_dragon_php_poo\index.php(3): require_once('C:\\Users\\versa\\...')
#3 {main}
  thrown in C:\Users\versa\Documents\Donjon_et_dragon_php_poo\MonstresDAO.php on line 18
[23-Nov-2023 15:38:23 UTC] PHP Warning:  Undefined property: Monstres::$ArmeEquipee in C:\Users\versa\Documents\Donjon_et_dragon_php_poo\Monstres.php on line 54
[23-Nov-2023 15:38:23 UTC] PHP Fatal error:  Uncaught PDOException: SQLSTATE[42S02]: Base table or view not found: 1146 Table 'donjon.monstres' doesn't exist in C:\Users\versa\Documents\Donjon_et_dragon_php_poo\MonstresDAO.php:19
Stack trace:
#0 C:\Users\versa\Documents\Donjon_et_dragon_php_poo\MonstresDAO.php(19): PDOStatement->execute(Array)
#1 C:\Users\versa\Documents\Donjon_et_dragon_php_poo\Monstres.php(130): MonstresDAO->ajouterMonstre(Object(Monstres))
#2 C:\Users\versa\Documents\Donjon_et_dragon_php_poo\Systeme.php(4): require_once('C:\\Users\\versa\\...')
#3 C:\Users\versa\Documents\Donjon_et_dragon_php_poo\index.php(3): require_once('C:\\Users\\versa\\...')
#4 {main}
  thrown in C:\Users\versa\Documents\Donjon_et_dragon_php_poo\MonstresDAO.php on line 19
[23-Nov-2023 15:38:44 UTC] PHP Warning:  Undefined property: Monstres::$ArmeEquipee in C:\Users\versa\Documents\Donjon_et_dragon_php_poo\Personnage.php on line 60
[23-Nov-2023 15:38:44 UTC] PHP Fatal error:  Uncaught PDOException: SQLSTATE[42S02]: Base table or view not found: 1146 Table 'donjon.monstres' doesn't exist in C:\Users\versa\Documents\Donjon_et_dragon_php_poo\MonstresDAO.php:19
Stack trace:
#0 C:\Users\versa\Documents\Donjon_et_dragon_php_poo\MonstresDAO.php(19): PDOStatement->execute(Array)
#1 C:\Users\versa\Documents\Donjon_et_dragon_php_poo\Monstres.php(122): MonstresDAO->ajouterMonstre(Object(Monstres))
#2 C:\Users\versa\Documents\Donjon_et_dragon_php_poo\Systeme.php(4): require_once('C:\\Users\\versa\\...')
#3 C:\Users\versa\Documents\Donjon_et_dragon_php_poo\index.php(3): require_once('C:\\Users\\versa\\...')
#4 {main}
  thrown in C:\Users\versa\Documents\Donjon_et_dragon_php_poo\MonstresDAO.php on line 19
[23-Nov-2023 15:41:58 UTC] PHP Fatal error:  Uncaught Error: Call to undefined method Monstres::getArmeEquipee() in C:\Users\versa\Documents\Donjon_et_dragon_php_poo\MonstresDAO.php:26
Stack trace:
#0 C:\Users\versa\Documents\Donjon_et_dragon_php_poo\Monstres.php(122): MonstresDAO->ajouterMonstre(Object(Monstres))
#1 C:\Users\versa\Documents\Donjon_et_dragon_php_poo\Systeme.php(4): require_once('C:\\Users\\versa\\...')
#2 C:\Users\versa\Documents\Donjon_et_dragon_php_poo\index.php(3): require_once('C:\\Users\\versa\\...')
#3 {main}
  thrown in C:\Users\versa\Documents\Donjon_et_dragon_php_poo\MonstresDAO.php on line 26
[23-Nov-2023 15:42:27 UTC] PHP Fatal error:  Uncaught PDOException: SQLSTATE[HY093]: Invalid parameter number: number of bound variables does not match number of tokens in C:\Users\versa\Documents\Donjon_et_dragon_php_poo\MonstresDAO.php:19
Stack trace:
#0 C:\Users\versa\Documents\Donjon_et_dragon_php_poo\MonstresDAO.php(19): PDOStatement->execute(Array)
#1 C:\Users\versa\Documents\Donjon_et_dragon_php_poo\Monstres.php(122): MonstresDAO->ajouterMonstre(Object(Monstres))
#2 C:\Users\versa\Documents\Donjon_et_dragon_php_poo\Systeme.php(4): require_once('C:\\Users\\versa\\...')
#3 C:\Users\versa\Documents\Donjon_et_dragon_php_poo\index.php(3): require_once('C:\\Users\\versa\\...')
#4 {main}
  thrown in C:\Users\versa\Documents\Donjon_et_dragon_php_poo\MonstresDAO.php on line 19
[23-Nov-2023 15:43:32 UTC] PHP Fatal error:  Uncaught Error: Call to undefined method Monstres::getArmeEquipee() in C:\Users\versa\Documents\Donjon_et_dragon_php_poo\MonstresDAO.php:26
Stack trace:
#0 C:\Users\versa\Documents\Donjon_et_dragon_php_poo\Monstres.php(122): MonstresDAO->ajouterMonstre(Object(Monstres))
#1 C:\Users\versa\Documents\Donjon_et_dragon_php_poo\Systeme.php(4): require_once('C:\\Users\\versa\\...')
#2 C:\Users\versa\Documents\Donjon_et_dragon_php_poo\index.php(3): require_once('C:\\Users\\versa\\...')
#3 {main}
  thrown in C:\Users\versa\Documents\Donjon_et_dragon_php_poo\MonstresDAO.php on line 26
[23-Nov-2023 15:44:34 UTC] PHP Warning:  Undefined variable $monstre in C:\Users\versa\Documents\Donjon_et_dragon_php_poo\MonstresDAO.php on line 52
[23-Nov-2023 15:44:34 UTC] PHP Fatal error:  Uncaught Error: Call to a member function getArmeEquipee() on null in C:\Users\versa\Documents\Donjon_et_dragon_php_poo\MonstresDAO.php:52
Stack trace:
#0 C:\Users\versa\Documents\Donjon_et_dragon_php_poo\Monstres.php(3): require_once()
#1 C:\Users\versa\Documents\Donjon_et_dragon_php_poo\Systeme.php(4): require_once('C:\\Users\\versa\\...')
#2 C:\Users\versa\Documents\Donjon_et_dragon_php_poo\index.php(3): require_once('C:\\Users\\versa\\...')
#3 {main}
  thrown in C:\Users\versa\Documents\Donjon_et_dragon_php_poo\MonstresDAO.php on line 52
[24-Nov-2023 09:15:41 UTC] PHP Warning:  Undefined variable $monstre in C:\Users\versa\Documents\Donjon_et_dragon_php_poo\MonstresDAO.php on line 52
[24-Nov-2023 09:15:41 UTC] PHP Fatal error:  Uncaught Error: Call to a member function getArmeEquipee() on null in C:\Users\versa\Documents\Donjon_et_dragon_php_poo\MonstresDAO.php:52
Stack trace:
#0 C:\Users\versa\Documents\Donjon_et_dragon_php_poo\Monstres.php(3): require_once()
#1 C:\Users\versa\Documents\Donjon_et_dragon_php_poo\Systeme.php(4): require_once('C:\\Users\\versa\\...')
#2 C:\Users\versa\Documents\Donjon_et_dragon_php_poo\index.php(4): require_once('C:\\Users\\versa\\...')
#3 {main}
  thrown in C:\Users\versa\Documents\Donjon_et_dragon_php_poo\MonstresDAO.php on line 52
[24-Nov-2023 09:16:15 UTC] PHP Warning:  Undefined property: Monstres::$armeEquipee in C:\Users\versa\Documents\Donjon_et_dragon_php_poo\Monstres.php on line 26
[24-Nov-2023 09:16:15 UTC] PHP Fatal error:  Uncaught PDOException: SQLSTATE[42S02]: Base table or view not found: 1146 Table 'donjon.monstres' doesn't exist in C:\Users\versa\Documents\Donjon_et_dragon_php_poo\MonstresDAO.php:19
Stack trace:
#0 C:\Users\versa\Documents\Donjon_et_dragon_php_poo\MonstresDAO.php(19): PDOStatement->execute(Array)
#1 C:\Users\versa\Documents\Donjon_et_dragon_php_poo\Monstres.php(127): MonstresDAO->ajouterMonstre(Object(Monstres))
#2 C:\Users\versa\Documents\Donjon_et_dragon_php_poo\Systeme.php(4): require_once('C:\\Users\\versa\\...')
#3 C:\Users\versa\Documents\Donjon_et_dragon_php_poo\index.php(4): require_once('C:\\Users\\versa\\...')
#4 {main}
  thrown in C:\Users\versa\Documents\Donjon_et_dragon_php_poo\MonstresDAO.php on line 19
[24-Nov-2023 09:17:01 UTC] PHP Fatal error:  Uncaught ArgumentCountError: Too few arguments to function Monstres::__construct(), 6 passed in C:\Users\versa\Documents\Donjon_et_dragon_php_poo\Monstres.php on line 125 and exactly 7 expected in C:\Users\versa\Documents\Donjon_et_dragon_php_poo\Monstres.php:17
Stack trace:
#0 C:\Users\versa\Documents\Donjon_et_dragon_php_poo\Monstres.php(125): Monstres->__construct('Squelette furie...', 100, 10, 5, 0, 1)
#1 C:\Users\versa\Documents\Donjon_et_dragon_php_poo\Systeme.php(4): require_once('C:\\Users\\versa\\...')
#2 C:\Users\versa\Documents\Donjon_et_dragon_php_poo\index.php(4): require_once('C:\\Users\\versa\\...')
#3 {main}
  thrown in C:\Users\versa\Documents\Donjon_et_dragon_php_poo\Monstres.php on line 17
[24-Nov-2023 09:17:30 UTC] PHP Fatal error:  Uncaught ArgumentCountError: Too few arguments to function Monstres::__construct(), 6 passed in C:\Users\versa\Documents\Donjon_et_dragon_php_poo\Monstres.php on line 125 and exactly 7 expected in C:\Users\versa\Documents\Donjon_et_dragon_php_poo\Monstres.php:17
Stack trace:
#0 C:\Users\versa\Documents\Donjon_et_dragon_php_poo\Monstres.php(125): Monstres->__construct('Squelette furie...', 100, 10, 5, 0, 1)
#1 C:\Users\versa\Documents\Donjon_et_dragon_php_poo\Systeme.php(4): require_once('C:\\Users\\versa\\...')
#2 C:\Users\versa\Documents\Donjon_et_dragon_php_poo\index.php(4): require_once('C:\\Users\\versa\\...')
#3 {main}
  thrown in C:\Users\versa\Documents\Donjon_et_dragon_php_poo\Monstres.php on line 17
[24-Nov-2023 09:21:25 UTC] PHP Fatal error:  Uncaught PDOException: SQLSTATE[42S02]: Base table or view not found: 1146 Table 'donjon.monstres' doesn't exist in C:\Users\versa\Documents\Donjon_et_dragon_php_poo\MonstresDAO.php:12
Stack trace:
#0 C:\Users\versa\Documents\Donjon_et_dragon_php_poo\MonstresDAO.php(12): PDOStatement->execute(Array)
#1 C:\Users\versa\Documents\Donjon_et_dragon_php_poo\MonstresDAO.php(56): MonstresDAO->getMonstre(1)
#2 {main}
  thrown in C:\Users\versa\Documents\Donjon_et_dragon_php_poo\MonstresDAO.php on line 12
[24-Nov-2023 09:26:02 UTC] PHP Fatal error:  Uncaught Error: Class "Monstre" not found in C:\Users\versa\Documents\Donjon_et_dragon_php_poo\MonstresDAO.php:14
Stack trace:
#0 C:\Users\versa\Documents\Donjon_et_dragon_php_poo\MonstresDAO.php(56): MonstresDAO->getMonstre(1)
#1 {main}
  thrown in C:\Users\versa\Documents\Donjon_et_dragon_php_poo\MonstresDAO.php on line 14
[24-Nov-2023 09:26:10 UTC] PHP Fatal error:  Uncaught Error: Class "Monstre" not found in C:\Users\versa\Documents\Donjon_et_dragon_php_poo\MonstresDAO.php:14
Stack trace:
#0 C:\Users\versa\Documents\Donjon_et_dragon_php_poo\MonstresDAO.php(56): MonstresDAO->getMonstre(1)
#1 {main}
  thrown in C:\Users\versa\Documents\Donjon_et_dragon_php_poo\MonstresDAO.php on line 14
[24-Nov-2023 09:26:55 UTC] PHP Fatal error:  Uncaught Error: Class "Monstre" not found in C:\Users\versa\Documents\Donjon_et_dragon_php_poo\MonstresDAO.php:14
Stack trace:
#0 C:\Users\versa\Documents\Donjon_et_dragon_php_poo\MonstresDAO.php(56): MonstresDAO->getMonstre(1)
#1 {main}
  thrown in C:\Users\versa\Documents\Donjon_et_dragon_php_poo\MonstresDAO.php on line 14
[24-Nov-2023 09:27:04 UTC] PHP Fatal error:  Cannot declare class MonstresDAO, because the name is already in use in C:\Users\versa\Documents\Donjon_et_dragon_php_poo\MonstresDAO.php on line 3
[24-Nov-2023 09:27:33 UTC] PHP Fatal error:  Uncaught Error: Class "Monstre" not found in C:\Users\versa\Documents\Donjon_et_dragon_php_poo\MonstresDAO.php:14
Stack trace:
#0 C:\Users\versa\Documents\Donjon_et_dragon_php_poo\MonstresDAO.php(56): MonstresDAO->getMonstre(1)
#1 C:\Users\versa\Documents\Donjon_et_dragon_php_poo\Monstres.php(3): require_once('C:\\Users\\versa\\...')
#2 {main}
  thrown in C:\Users\versa\Documents\Donjon_et_dragon_php_poo\MonstresDAO.php on line 14
[24-Nov-2023 09:27:52 UTC] PHP Fatal error:  Uncaught ArgumentCountError: Too few arguments to function Monstres::__construct(), 6 passed in C:\Users\versa\Documents\Donjon_et_dragon_php_poo\Monstres.php on line 175 and exactly 7 expected in C:\Users\versa\Documents\Donjon_et_dragon_php_poo\Monstres.php:18
Stack trace:
#0 C:\Users\versa\Documents\Donjon_et_dragon_php_poo\Monstres.php(175): Monstres->__construct('Squelette furie...', 100, 10, 5, 0, 1)
#1 {main}
  thrown in C:\Users\versa\Documents\Donjon_et_dragon_php_poo\Monstres.php on line 18
[24-Nov-2023 09:28:36 UTC] PHP Warning:  Undefined variable $valeurParDefaut in C:\Users\versa\Documents\Donjon_et_dragon_php_poo\Monstres.php on line 175
[24-Nov-2023 09:28:36 UTC] PHP Warning:  Undefined variable $valeurParDefaut in C:\Users\versa\Documents\Donjon_et_dragon_php_poo\Monstres.php on line 176
[24-Nov-2023 09:47:07 UTC] PHP Deprecated:  Creation of dynamic property Monstres::$passif is deprecated in C:\Users\versa\Documents\Donjon_et_dragon_php_poo\Monstres.php on line 26
[24-Nov-2023 09:47:07 UTC] PHP Deprecated:  Creation of dynamic property Monstres::$est_vivant is deprecated in C:\Users\versa\Documents\Donjon_et_dragon_php_poo\Monstres.php on line 29
[24-Nov-2023 09:47:07 UTC] PHP Deprecated:  Creation of dynamic property Monstres::$passif is deprecated in C:\Users\versa\Documents\Donjon_et_dragon_php_poo\Monstres.php on line 26
[24-Nov-2023 09:47:07 UTC] PHP Deprecated:  Creation of dynamic property Monstres::$est_vivant is deprecated in C:\Users\versa\Documents\Donjon_et_dragon_php_poo\Monstres.php on line 29
[24-Nov-2023 10:16:43 UTC] PHP Fatal error:  Uncaught Error: Call to undefined method Arme::getNiveauRequis() in C:\Users\versa\Documents\Donjon_et_dragon_php_poo\Arme.php:72
Stack trace:
#0 C:\Users\versa\Documents\Donjon_et_dragon_php_poo\Arme.php(90): ArmeDAO->ajouterArme(Object(Arme))
#1 {main}
  thrown in C:\Users\versa\Documents\Donjon_et_dragon_php_poo\Arme.php on line 72
[24-Nov-2023 10:24:39 UTC] PHP Fatal error:  Uncaught PDOException: SQLSTATE[22007]: Invalid datetime format: 1366 Incorrect integer value: 'Commun' for column `donjon`.`armes`.`degats` at row 1 in C:\Users\versa\Documents\Donjon_et_dragon_php_poo\Arme.php:21
Stack trace:
#0 C:\Users\versa\Documents\Donjon_et_dragon_php_poo\Arme.php(21): PDOStatement->execute(Array)
#1 C:\Users\versa\Documents\Donjon_et_dragon_php_poo\Arme.php(154): ArmeDAO->ajouterArme(Object(Arme))
#2 {main}
  thrown in C:\Users\versa\Documents\Donjon_et_dragon_php_poo\Arme.php on line 21
[24-Nov-2023 10:26:01 UTC] PHP Fatal error:  Uncaught PDOException: SQLSTATE[22007]: Invalid datetime format: 1366 Incorrect integer value: 'Commun' for column `donjon`.`armes`.`degats` at row 1 in C:\Users\versa\Documents\Donjon_et_dragon_php_poo\Arme.php:21
Stack trace:
#0 C:\Users\versa\Documents\Donjon_et_dragon_php_poo\Arme.php(21): PDOStatement->execute(Array)
#1 C:\Users\versa\Documents\Donjon_et_dragon_php_poo\Arme.php(155): ArmeDAO->ajouterArme(Object(Arme))
#2 {main}
  thrown in C:\Users\versa\Documents\Donjon_et_dragon_php_poo\Arme.php on line 21
[24-Nov-2023 10:34:29 UTC] PHP Fatal error:  Uncaught PDOException: SQLSTATE[HY093]: Invalid parameter number: parameter was not defined in C:\Users\versa\Documents\Donjon_et_dragon_php_poo\Arme.php:21
Stack trace:
#0 C:\Users\versa\Documents\Donjon_et_dragon_php_poo\Arme.php(21): PDOStatement->execute(Array)
#1 C:\Users\versa\Documents\Donjon_et_dragon_php_poo\Arme.php(154): ArmeDAO->ajouterArme(Object(Arme))
#2 {main}
  thrown in C:\Users\versa\Documents\Donjon_et_dragon_php_poo\Arme.php on line 21
[24-Nov-2023 10:35:59 UTC] PHP Fatal error:  Uncaught PDOException: SQLSTATE[22007]: Invalid datetime format: 1366 Incorrect integer value: '' for column `donjon`.`armes`.`est_maudite` at row 1 in C:\Users\versa\Documents\Donjon_et_dragon_php_poo\Arme.php:21
Stack trace:
#0 C:\Users\versa\Documents\Donjon_et_dragon_php_poo\Arme.php(21): PDOStatement->execute(Array)
#1 C:\Users\versa\Documents\Donjon_et_dragon_php_poo\Arme.php(155): ArmeDAO->ajouterArme(Object(Arme))
#2 {main}
  thrown in C:\Users\versa\Documents\Donjon_et_dragon_php_poo\Arme.php on line 21
[24-Nov-2023 10:37:37 UTC] PHP Fatal error:  Uncaught PDOException: SQLSTATE[22007]: Invalid datetime format: 1366 Incorrect integer value: 'Commun' for column `donjon`.`armes`.`niveauRequis` at row 1 in C:\Users\versa\Documents\Donjon_et_dragon_php_poo\Arme.php:21
Stack trace:
#0 C:\Users\versa\Documents\Donjon_et_dragon_php_poo\Arme.php(21): PDOStatement->execute(Array)
#1 C:\Users\versa\Documents\Donjon_et_dragon_php_poo\Arme.php(160): ArmeDAO->ajouterArme(Object(Arme))
#2 {main}
  thrown in C:\Users\versa\Documents\Donjon_et_dragon_php_poo\Arme.php on line 21
[24-Nov-2023 10:42:01 UTC] PHP Fatal error:  Uncaught PDOException: SQLSTATE[22007]: Invalid datetime format: 1366 Incorrect integer value: '' for column `donjon`.`armes`.`est_maudite` at row 1 in C:\Users\versa\Documents\Donjon_et_dragon_php_poo\Arme.php:21
Stack trace:
#0 C:\Users\versa\Documents\Donjon_et_dragon_php_poo\Arme.php(21): PDOStatement->execute(Array)
#1 C:\Users\versa\Documents\Donjon_et_dragon_php_poo\Arme.php(155): ArmeDAO->ajouterArme(Object(Arme))
#2 {main}
  thrown in C:\Users\versa\Documents\Donjon_et_dragon_php_poo\Arme.php on line 21
[24-Nov-2023 10:43:44 UTC] PHP Parse error:  syntax error, unexpected variable "$personnageDAO" in C:\Users\versa\Documents\Donjon_et_dragon_php_poo\Personnage.php on line 165
[24-Nov-2023 10:43:51 UTC] PHP Warning:  Undefined variable $arme in C:\Users\versa\Documents\Donjon_et_dragon_php_poo\Arme.php on line 23
[24-Nov-2023 10:43:51 UTC] PHP Fatal error:  Uncaught Error: Call to a member function getNom() on null in C:\Users\versa\Documents\Donjon_et_dragon_php_poo\Arme.php:23
Stack trace:
#0 C:\Users\versa\Documents\Donjon_et_dragon_php_poo\Arme.php(156): ArmeDAO->ajouterArme(Object(Arme))
#1 {main}
  thrown in C:\Users\versa\Documents\Donjon_et_dragon_php_poo\Arme.php on line 23
[24-Nov-2023 10:44:07 UTC] PHP Fatal error:  Uncaught PDOException: SQLSTATE[22007]: Invalid datetime format: 1366 Incorrect integer value: '' for column `donjon`.`armes`.`est_maudite` at row 1 in C:\Users\versa\Documents\Donjon_et_dragon_php_poo\Arme.php:22
Stack trace:
#0 C:\Users\versa\Documents\Donjon_et_dragon_php_poo\Arme.php(22): PDOStatement->execute(Array)
#1 C:\Users\versa\Documents\Donjon_et_dragon_php_poo\Arme.php(156): ArmeDAO->ajouterArme(Object(Arme))
#2 {main}
  thrown in C:\Users\versa\Documents\Donjon_et_dragon_php_poo\Arme.php on line 22
[24-Nov-2023 10:46:24 UTC] PHP Parse error:  syntax error, unexpected variable "$personnageDAO" in C:\Users\versa\Documents\Donjon_et_dragon_php_poo\Personnage.php on line 165
[24-Nov-2023 10:46:40 UTC] PHP Fatal error:  Uncaught PDOException: SQLSTATE[22007]: Invalid datetime format: 1366 Incorrect integer value: '' for column `donjon`.`armes`.`est_maudite` at row 1 in C:\Users\versa\Documents\Donjon_et_dragon_php_poo\Arme.php:131
Stack trace:
#0 C:\Users\versa\Documents\Donjon_et_dragon_php_poo\Arme.php(131): PDOStatement->execute(Array)
#1 C:\Users\versa\Documents\Donjon_et_dragon_php_poo\Arme.php(158): ArmeDAO->ajouterArme(Object(Arme))
#2 {main}
  thrown in C:\Users\versa\Documents\Donjon_et_dragon_php_poo\Arme.php on line 131
[24-Nov-2023 10:46:45 UTC] PHP Fatal error:  Uncaught PDOException: SQLSTATE[22007]: Invalid datetime format: 1366 Incorrect integer value: '' for column `donjon`.`armes`.`est_maudite` at row 1 in C:\Users\versa\Documents\Donjon_et_dragon_php_poo\Arme.php:131
Stack trace:
#0 C:\Users\versa\Documents\Donjon_et_dragon_php_poo\Arme.php(131): PDOStatement->execute(Array)
#1 C:\Users\versa\Documents\Donjon_et_dragon_php_poo\Arme.php(158): ArmeDAO->ajouterArme(Object(Arme))
#2 {main}
  thrown in C:\Users\versa\Documents\Donjon_et_dragon_php_poo\Arme.php on line 131
[24-Nov-2023 10:49:40 UTC] PHP Fatal error:  Uncaught PDOException: SQLSTATE[22007]: Invalid datetime format: 1366 Incorrect integer value: '' for column `donjon`.`armes`.`est_maudite` at row 1 in C:\Users\versa\Documents\Donjon_et_dragon_php_poo\Arme.php:131
Stack trace:
#0 C:\Users\versa\Documents\Donjon_et_dragon_php_poo\Arme.php(131): PDOStatement->execute(Array)
#1 C:\Users\versa\Documents\Donjon_et_dragon_php_poo\Arme.php(158): ArmeDAO->ajouterArme(Object(Arme))
#2 {main}
  thrown in C:\Users\versa\Documents\Donjon_et_dragon_php_poo\Arme.php on line 131
[24-Nov-2023 10:59:24 UTC] PHP Warning:  require_once(PersonnageDAO.php): Failed to open stream: No such file or directory in C:\Users\versa\Documents\Donjon_et_dragon_php_poo\Personnage.php on line 3
[24-Nov-2023 10:59:24 UTC] PHP Fatal error:  Uncaught Error: Failed opening required 'PersonnageDAO.php' (include_path='.;C:\php\pear') in C:\Users\versa\Documents\Donjon_et_dragon_php_poo\Personnage.php:3
Stack trace:
#0 {main}
  thrown in C:\Users\versa\Documents\Donjon_et_dragon_php_poo\Personnage.php on line 3
[24-Nov-2023 10:59:36 UTC] PHP Warning:  Undefined variable $batonMagique in C:\Users\versa\Documents\Donjon_et_dragon_php_poo\Personnage.php on line 178
[24-Nov-2023 11:00:28 UTC] PHP Fatal error:  Uncaught Error: Call to undefined method PersonnageDAO::ajouterPersonnage() in C:\Users\versa\Documents\Donjon_et_dragon_php_poo\Personnage.php:181
Stack trace:
#0 {main}
  thrown in C:\Users\versa\Documents\Donjon_et_dragon_php_poo\Personnage.php on line 181
[24-Nov-2023 11:00:55 UTC] PHP Fatal error:  Uncaught Error: Call to undefined method Personnage::getArmeEquipee() in C:\Users\versa\Documents\Donjon_et_dragon_php_poo\Personnage.php:146
Stack trace:
#0 C:\Users\versa\Documents\Donjon_et_dragon_php_poo\Personnage.php(197): PersonnageDAO->ajouterPersonnage(Object(Personnage))
#1 {main}
  thrown in C:\Users\versa\Documents\Donjon_et_dragon_php_poo\Personnage.php on line 146
[24-Nov-2023 11:01:21 UTC] PHP Fatal error:  Uncaught Error: Object of class Arme could not be converted to string in C:\Users\versa\Documents\Donjon_et_dragon_php_poo\Personnage.php:147
Stack trace:
#0 C:\Users\versa\Documents\Donjon_et_dragon_php_poo\Personnage.php(147): PDOStatement->execute(Array)
#1 C:\Users\versa\Documents\Donjon_et_dragon_php_poo\Personnage.php(205): PersonnageDAO->ajouterPersonnage(Object(Personnage))
#2 {main}
  thrown in C:\Users\versa\Documents\Donjon_et_dragon_php_poo\Personnage.php on line 147
[24-Nov-2023 11:16:21 UTC] PHP Warning:  session_start(): open_basedir restriction in effect. File(C:\Users\versa\AppData\Local\Temp) is not within the allowed path(s): (C:\wamp64\www;C:\Users\versa\Documents\Php\Exercices\TP\TP2_a_rendre;C:\Users\versa\Documents\Donjon_et_dragon_php_poo) in C:\Users\versa\Documents\Donjon_et_dragon_php_poo\Menu.php on line 263
[24-Nov-2023 11:16:21 UTC] PHP Warning:  session_start(): Failed to initialize storage module: files (path: ) in C:\Users\versa\Documents\Donjon_et_dragon_php_poo\Menu.php on line 263
[24-Nov-2023 11:18:56 UTC] PHP Fatal error:  Uncaught Error: Call to undefined method Menu::menuLancement() in C:\Users\versa\Documents\Donjon_et_dragon_php_poo\Menu.php:268
Stack trace:
#0 {main}
  thrown in C:\Users\versa\Documents\Donjon_et_dragon_php_poo\Menu.php on line 268
[24-Nov-2023 11:20:07 UTC] PHP Fatal error:  Allowed memory size of 134217728 bytes exhausted (tried to allocate 262144 bytes) in C:\Users\versa\Documents\Donjon_et_dragon_php_poo\Menu.php on line 16
[24-Nov-2023 11:38:21 UTC] PHP Fatal error:  Uncaught Error: Call to undefined function reqquire_once() in C:\Users\versa\Documents\Donjon_et_dragon_php_poo\Menu.php:5
Stack trace:
#0 {main}
  thrown in C:\Users\versa\Documents\Donjon_et_dragon_php_poo\Menu.php on line 5
[24-Nov-2023 11:39:52 UTC] PHP Fatal error:  Uncaught Error: Call to undefined method Menu::menuCredits() in C:\Users\versa\Documents\Donjon_et_dragon_php_poo\Menu.php:160
Stack trace:
#0 C:\Users\versa\Documents\Donjon_et_dragon_php_poo\Menu.php(262): Menu->menuLancement()
#1 {main}
  thrown in C:\Users\versa\Documents\Donjon_et_dragon_php_poo\Menu.php on line 160
[24-Nov-2023 11:41:08 UTC] PHP Fatal error:  Uncaught Error: Call to undefined method Menu::menuCredits() in C:\Users\versa\Documents\Donjon_et_dragon_php_poo\Menu.php:160
Stack trace:
#0 C:\Users\versa\Documents\Donjon_et_dragon_php_poo\Menu.php(271): Menu->menuLancement()
#1 {main}
  thrown in C:\Users\versa\Documents\Donjon_et_dragon_php_poo\Menu.php on line 160
[24-Nov-2023 11:42:39 UTC] PHP Fatal error:  Uncaught Error: Call to undefined function menuLancement() in C:\Users\versa\Documents\Donjon_et_dragon_php_poo\Menu.php:25
Stack trace:
#0 C:\Users\versa\Documents\Donjon_et_dragon_php_poo\Menu.php(173): Menu->menuCredits()
#1 C:\Users\versa\Documents\Donjon_et_dragon_php_poo\Menu.php(275): Menu->menuLancement()
#2 {main}
  thrown in C:\Users\versa\Documents\Donjon_et_dragon_php_poo\Menu.php on line 25
[24-Nov-2023 11:43:10 UTC] PHP Fatal error:  Uncaught Error: Call to undefined method Menu::menuChargerPartie() in C:\Users\versa\Documents\Donjon_et_dragon_php_poo\Menu.php:170
Stack trace:
#0 C:\Users\versa\Documents\Donjon_et_dragon_php_poo\Menu.php(275): Menu->menuLancement()
#1 {main}
  thrown in C:\Users\versa\Documents\Donjon_et_dragon_php_poo\Menu.php on line 170
[24-Nov-2023 11:43:59 UTC] PHP Fatal error:  Uncaught Error: Class "Aykiu" not found in C:\Users\versa\Documents\Donjon_et_dragon_php_poo\Menu.php:42
Stack trace:
#0 C:\Users\versa\Documents\Donjon_et_dragon_php_poo\Menu.php(167): Menu->choixPersonnage()
#1 C:\Users\versa\Documents\Donjon_et_dragon_php_poo\Menu.php(275): Menu->menuLancement()
#2 {main}
  thrown in C:\Users\versa\Documents\Donjon_et_dragon_php_poo\Menu.php on line 42
[24-Nov-2023 11:44:56 UTC] PHP Warning:  Undefined variable $nom in C:\Users\versa\Documents\Donjon_et_dragon_php_poo\Menu.php on line 47
[24-Nov-2023 11:44:56 UTC] PHP Warning:  Undefined variable $pointsDeVie in C:\Users\versa\Documents\Donjon_et_dragon_php_poo\Menu.php on line 47
[24-Nov-2023 11:44:56 UTC] PHP Warning:  Undefined variable $pointsAttaque in C:\Users\versa\Documents\Donjon_et_dragon_php_poo\Menu.php on line 47
[24-Nov-2023 11:44:56 UTC] PHP Warning:  Undefined variable $pointsDefense in C:\Users\versa\Documents\Donjon_et_dragon_php_poo\Menu.php on line 47
[24-Nov-2023 11:44:56 UTC] PHP Warning:  Undefined variable $experience in C:\Users\versa\Documents\Donjon_et_dragon_php_poo\Menu.php on line 47
[24-Nov-2023 11:44:56 UTC] PHP Warning:  Undefined variable $niveau in C:\Users\versa\Documents\Donjon_et_dragon_php_poo\Menu.php on line 47
[24-Nov-2023 11:44:56 UTC] PHP Warning:  Undefined variable $armeEquipee in C:\Users\versa\Documents\Donjon_et_dragon_php_poo\Menu.php on line 47
[24-Nov-2023 11:44:56 UTC] PHP Warning:  Undefined variable $passif in C:\Users\versa\Documents\Donjon_et_dragon_php_poo\Menu.php on line 47
[24-Nov-2023 11:44:56 UTC] PHP Warning:  Undefined variable $type in C:\Users\versa\Documents\Donjon_et_dragon_php_poo\Menu.php on line 47
[24-Nov-2023 11:44:56 UTC] PHP Warning:  Undefined variable $pv in C:\Users\versa\Documents\Donjon_et_dragon_php_poo\Aykiu.php on line 22
[24-Nov-2023 11:44:56 UTC] PHP Warning:  Undefined variable $pa in C:\Users\versa\Documents\Donjon_et_dragon_php_poo\Aykiu.php on line 23
[24-Nov-2023 11:44:56 UTC] PHP Warning:  Undefined variable $pd in C:\Users\versa\Documents\Donjon_et_dragon_php_poo\Aykiu.php on line 24
[24-Nov-2023 11:44:56 UTC] PHP Warning:  Undefined variable $xp in C:\Users\versa\Documents\Donjon_et_dragon_php_poo\Aykiu.php on line 25
[24-Nov-2023 11:44:56 UTC] PHP Warning:  Undefined variable $lvl in C:\Users\versa\Documents\Donjon_et_dragon_php_poo\Aykiu.php on line 26
[24-Nov-2023 11:44:56 UTC] PHP Warning:  Undefined property: Aykiu::$getNom in C:\Users\versa\Documents\Donjon_et_dragon_php_poo\Menu.php on line 48
[24-Nov-2023 11:44:56 UTC] PHP Warning:  Undefined property: Aykiu::$getPointsDeVie in C:\Users\versa\Documents\Donjon_et_dragon_php_poo\Menu.php on line 49
[24-Nov-2023 11:44:56 UTC] PHP Warning:  Undefined property: Aykiu::$getPointsAttaque in C:\Users\versa\Documents\Donjon_et_dragon_php_poo\Menu.php on line 50
[24-Nov-2023 11:44:56 UTC] PHP Warning:  Undefined property: Aykiu::$getPointsDefense in C:\Users\versa\Documents\Donjon_et_dragon_php_poo\Menu.php on line 51
[24-Nov-2023 11:44:56 UTC] PHP Warning:  Undefined property: Aykiu::$getPassif in C:\Users\versa\Documents\Donjon_et_dragon_php_poo\Menu.php on line 52
[24-Nov-2023 11:44:56 UTC] PHP Warning:  Undefined property: Aykiu::$getType in C:\Users\versa\Documents\Donjon_et_dragon_php_poo\Menu.php on line 53
[24-Nov-2023 11:54:30 UTC] PHP Fatal error:  Uncaught Error: Class "Personnage" not found in C:\Users\versa\Documents\Donjon_et_dragon_php_poo\Sidick.php:3
Stack trace:
#0 {main}
  thrown in C:\Users\versa\Documents\Donjon_et_dragon_php_poo\Sidick.php on line 3
[24-Nov-2023 11:54:45 UTC] PHP Warning:  Undefined variable $aykiu in C:\Users\versa\Documents\Donjon_et_dragon_php_poo\Personnage.php on line 238
[24-Nov-2023 11:54:45 UTC] PHP Fatal error:  Uncaught Error: Call to a member function getNom() on null in C:\Users\versa\Documents\Donjon_et_dragon_php_poo\Personnage.php:148
Stack trace:
#0 C:\Users\versa\Documents\Donjon_et_dragon_php_poo\Personnage.php(238): PersonnageDAO->ajouterPersonnage(NULL)
#1 C:\Users\versa\Documents\Donjon_et_dragon_php_poo\Sidick.php(3): require_once('C:\\Users\\versa\\...')
#2 {main}
  thrown in C:\Users\versa\Documents\Donjon_et_dragon_php_poo\Personnage.php on line 148
[24-Nov-2023 11:55:57 UTC] PHP Warning:  Undefined variable $aykiu in C:\Users\versa\Documents\Donjon_et_dragon_php_poo\Personnage.php on line 238
[24-Nov-2023 11:55:57 UTC] PHP Fatal error:  Uncaught Error: Call to a member function getNom() on null in C:\Users\versa\Documents\Donjon_et_dragon_php_poo\Personnage.php:148
Stack trace:
#0 C:\Users\versa\Documents\Donjon_et_dragon_php_poo\Personnage.php(238): PersonnageDAO->ajouterPersonnage(NULL)
#1 C:\Users\versa\Documents\Donjon_et_dragon_php_poo\Sidick.php(3): require_once('C:\\Users\\versa\\...')
#2 {main}
  thrown in C:\Users\versa\Documents\Donjon_et_dragon_php_poo\Personnage.php on line 148
[24-Nov-2023 11:56:27 UTC] PHP Warning:  Undefined variable $epeeCommune in C:\Users\versa\Documents\Donjon_et_dragon_php_poo\Sidick.php on line 37
[24-Nov-2023 11:59:14 UTC] PHP Warning:  Undefined variable $personnage in C:\Users\versa\Documents\Donjon_et_dragon_php_poo\Menu.php on line 138
[24-Nov-2023 11:59:14 UTC] PHP Warning:  Undefined variable $personnage in C:\Users\versa\Documents\Donjon_et_dragon_php_poo\Menu.php on line 143
[24-Nov-2023 11:59:14 UTC] PHP Warning:  Undefined variable $nomSidick in C:\Users\versa\Documents\Donjon_et_dragon_php_poo\Menu.php on line 144
[24-Nov-2023 11:59:14 UTC] PHP Warning:  Undefined variable $pvSidick in C:\Users\versa\Documents\Donjon_et_dragon_php_poo\Menu.php on line 144
[24-Nov-2023 11:59:14 UTC] PHP Warning:  Undefined variable $paSidick in C:\Users\versa\Documents\Donjon_et_dragon_php_poo\Menu.php on line 144
[24-Nov-2023 11:59:14 UTC] PHP Warning:  Undefined variable $pdSidick in C:\Users\versa\Documents\Donjon_et_dragon_php_poo\Menu.php on line 144
[24-Nov-2023 11:59:14 UTC] PHP Warning:  Undefined variable $expSidick in C:\Users\versa\Documents\Donjon_et_dragon_php_poo\Menu.php on line 144
[24-Nov-2023 11:59:14 UTC] PHP Warning:  Undefined variable $lvlSidick in C:\Users\versa\Documents\Donjon_et_dragon_php_poo\Menu.php on line 144
[24-Nov-2023 11:59:14 UTC] PHP Warning:  Undefined variable $armeSidick in C:\Users\versa\Documents\Donjon_et_dragon_php_poo\Menu.php on line 144
[24-Nov-2023 11:59:14 UTC] PHP Warning:  Undefined variable $passifSidick in C:\Users\versa\Documents\Donjon_et_dragon_php_poo\Menu.php on line 144
[24-Nov-2023 11:59:14 UTC] PHP Warning:  Undefined variable $typeSidick in C:\Users\versa\Documents\Donjon_et_dragon_php_poo\Menu.php on line 144
[24-Nov-2023 11:59:14 UTC] PHP Warning:  Undefined variable $estVivantSidick in C:\Users\versa\Documents\Donjon_et_dragon_php_poo\Menu.php on line 144
[24-Nov-2023 12:00:51 UTC] PHP Warning:  Undefined variable $personnage in C:\Users\versa\Documents\Donjon_et_dragon_php_poo\Menu.php on line 138
[24-Nov-2023 12:00:51 UTC] PHP Warning:  Undefined variable $personnage in C:\Users\versa\Documents\Donjon_et_dragon_php_poo\Menu.php on line 143
[24-Nov-2023 12:02:13 UTC] PHP Warning:  Undefined variable $personnage in C:\Users\versa\Documents\Donjon_et_dragon_php_poo\Menu.php on line 138
[24-Nov-2023 12:02:13 UTC] PHP Warning:  Undefined variable $personnage in C:\Users\versa\Documents\Donjon_et_dragon_php_poo\Menu.php on line 143
[24-Nov-2023 12:02:15 UTC] PHP Fatal error:  Uncaught Error: Class "Salle" not found in C:\Users\versa\Documents\Donjon_et_dragon_php_poo\Menu.php:220
Stack trace:
#0 C:\Users\versa\Documents\Donjon_et_dragon_php_poo\Menu.php(201): Menu->explorerSalle()
#1 C:\Users\versa\Documents\Donjon_et_dragon_php_poo\Menu.php(147): Menu->menuDonjon()
#2 C:\Users\versa\Documents\Donjon_et_dragon_php_poo\Menu.php(173): Menu->choixPersonnage()
#3 C:\Users\versa\Documents\Donjon_et_dragon_php_poo\Menu.php(281): Menu->menuLancement()
#4 {main}
  thrown in C:\Users\versa\Documents\Donjon_et_dragon_php_poo\Menu.php on line 220
[24-Nov-2023 12:02:39 UTC] PHP Warning:  Undefined variable $personnage in C:\Users\versa\Documents\Donjon_et_dragon_php_poo\Menu.php on line 138
[24-Nov-2023 12:02:39 UTC] PHP Warning:  Undefined variable $personnage in C:\Users\versa\Documents\Donjon_et_dragon_php_poo\Menu.php on line 143
[24-Nov-2023 12:02:40 UTC] PHP Fatal error:  Uncaught Error: Class "Inventaire" not found in C:\Users\versa\Documents\Donjon_et_dragon_php_poo\Menu.php:250
Stack trace:
#0 C:\Users\versa\Documents\Donjon_et_dragon_php_poo\Menu.php(204): Menu->ouvrirInventaire()
#1 C:\Users\versa\Documents\Donjon_et_dragon_php_poo\Menu.php(147): Menu->menuDonjon()
#2 C:\Users\versa\Documents\Donjon_et_dragon_php_poo\Menu.php(173): Menu->choixPersonnage()
#3 C:\Users\versa\Documents\Donjon_et_dragon_php_poo\Menu.php(281): Menu->menuLancement()
#4 {main}
  thrown in C:\Users\versa\Documents\Donjon_et_dragon_php_poo\Menu.php on line 250
[24-Nov-2023 12:03:05 UTC] PHP Warning:  Undefined variable $personnage in C:\Users\versa\Documents\Donjon_et_dragon_php_poo\Menu.php on line 138
[24-Nov-2023 12:03:05 UTC] PHP Warning:  Undefined variable $personnage in C:\Users\versa\Documents\Donjon_et_dragon_php_poo\Menu.php on line 143
[24-Nov-2023 12:07:36 UTC] PHP Warning:  Undefined variable $pv in C:\Users\versa\Documents\Donjon_et_dragon_php_poo\Franklin.php on line 21
[24-Nov-2023 12:07:36 UTC] PHP Warning:  Undefined variable $pa in C:\Users\versa\Documents\Donjon_et_dragon_php_poo\Franklin.php on line 22
[24-Nov-2023 12:07:36 UTC] PHP Warning:  Undefined variable $pd in C:\Users\versa\Documents\Donjon_et_dragon_php_poo\Franklin.php on line 23
[24-Nov-2023 12:07:36 UTC] PHP Warning:  Undefined variable $xp in C:\Users\versa\Documents\Donjon_et_dragon_php_poo\Franklin.php on line 24
[24-Nov-2023 12:07:36 UTC] PHP Warning:  Undefined variable $lvl in C:\Users\versa\Documents\Donjon_et_dragon_php_poo\Franklin.php on line 25
[24-Nov-2023 12:09:36 UTC] PHP Deprecated:  Creation of dynamic property Franklin::$nomFranklin is deprecated in C:\Users\versa\Documents\Donjon_et_dragon_php_poo\Franklin.php on line 31
[24-Nov-2023 12:09:36 UTC] PHP Deprecated:  Creation of dynamic property Franklin::$pvFranklin is deprecated in C:\Users\versa\Documents\Donjon_et_dragon_php_poo\Franklin.php on line 32
[24-Nov-2023 12:09:36 UTC] PHP Deprecated:  Creation of dynamic property Franklin::$paFranklin is deprecated in C:\Users\versa\Documents\Donjon_et_dragon_php_poo\Franklin.php on line 33
[24-Nov-2023 12:09:36 UTC] PHP Deprecated:  Creation of dynamic property Franklin::$pdFranklin is deprecated in C:\Users\versa\Documents\Donjon_et_dragon_php_poo\Franklin.php on line 34
[24-Nov-2023 12:09:36 UTC] PHP Deprecated:  Creation of dynamic property Franklin::$xpFranklin is deprecated in C:\Users\versa\Documents\Donjon_et_dragon_php_poo\Franklin.php on line 35
[24-Nov-2023 12:09:36 UTC] PHP Deprecated:  Creation of dynamic property Franklin::$lvlFranklin is deprecated in C:\Users\versa\Documents\Donjon_et_dragon_php_poo\Franklin.php on line 36
[24-Nov-2023 12:09:36 UTC] PHP Deprecated:  Creation of dynamic property Franklin::$armeFranklin is deprecated in C:\Users\versa\Documents\Donjon_et_dragon_php_poo\Franklin.php on line 37
[24-Nov-2023 12:12:36 UTC] PHP Fatal error:  Uncaught Error: Class "Personnage" not found in C:\Users\versa\Documents\Donjon_et_dragon_php_poo\Aykiu.php:3
Stack trace:
#0 {main}
  thrown in C:\Users\versa\Documents\Donjon_et_dragon_php_poo\Aykiu.php on line 3
[24-Nov-2023 12:15:27 UTC] PHP Warning:  Trying to access array offset on value of type bool in C:\Users\versa\Documents\Donjon_et_dragon_php_poo\Personnage.php on line 169
[24-Nov-2023 12:15:27 UTC] PHP Warning:  Trying to access array offset on value of type bool in C:\Users\versa\Documents\Donjon_et_dragon_php_poo\Personnage.php on line 169
[24-Nov-2023 12:15:27 UTC] PHP Warning:  Trying to access array offset on value of type bool in C:\Users\versa\Documents\Donjon_et_dragon_php_poo\Personnage.php on line 169
[24-Nov-2023 12:15:27 UTC] PHP Warning:  Trying to access array offset on value of type bool in C:\Users\versa\Documents\Donjon_et_dragon_php_poo\Personnage.php on line 169
[24-Nov-2023 12:15:27 UTC] PHP Warning:  Trying to access array offset on value of type bool in C:\Users\versa\Documents\Donjon_et_dragon_php_poo\Personnage.php on line 169
[24-Nov-2023 12:15:27 UTC] PHP Warning:  Trying to access array offset on value of type bool in C:\Users\versa\Documents\Donjon_et_dragon_php_poo\Personnage.php on line 169
[24-Nov-2023 12:15:27 UTC] PHP Warning:  Trying to access array offset on value of type bool in C:\Users\versa\Documents\Donjon_et_dragon_php_poo\Personnage.php on line 169
[24-Nov-2023 12:15:27 UTC] PHP Warning:  Trying to access array offset on value of type bool in C:\Users\versa\Documents\Donjon_et_dragon_php_poo\Personnage.php on line 169
[24-Nov-2023 12:15:27 UTC] PHP Warning:  Trying to access array offset on value of type bool in C:\Users\versa\Documents\Donjon_et_dragon_php_poo\Personnage.php on line 169
[24-Nov-2023 12:15:27 UTC] PHP Warning:  Trying to access array offset on value of type bool in C:\Users\versa\Documents\Donjon_et_dragon_php_poo\Personnage.php on line 169
[24-Nov-2023 12:15:27 UTC] PHP Warning:  Trying to access array offset on value of type bool in C:\Users\versa\Documents\Donjon_et_dragon_php_poo\Personnage.php on line 169
[24-Nov-2023 12:15:27 UTC] PHP Warning:  Trying to access array offset on value of type bool in C:\Users\versa\Documents\Donjon_et_dragon_php_poo\Personnage.php on line 169
[24-Nov-2023 12:15:27 UTC] PHP Warning:  Trying to access array offset on value of type bool in C:\Users\versa\Documents\Donjon_et_dragon_php_poo\Personnage.php on line 169
[24-Nov-2023 12:15:27 UTC] PHP Warning:  Trying to access array offset on value of type bool in C:\Users\versa\Documents\Donjon_et_dragon_php_poo\Personnage.php on line 169
[24-Nov-2023 12:15:27 UTC] PHP Warning:  Trying to access array offset on value of type bool in C:\Users\versa\Documents\Donjon_et_dragon_php_poo\Personnage.php on line 169
[24-Nov-2023 12:15:27 UTC] PHP Warning:  Trying to access array offset on value of type bool in C:\Users\versa\Documents\Donjon_et_dragon_php_poo\Personnage.php on line 169
[24-Nov-2023 12:15:27 UTC] PHP Warning:  Trying to access array offset on value of type bool in C:\Users\versa\Documents\Donjon_et_dragon_php_poo\Personnage.php on line 169
[24-Nov-2023 12:15:27 UTC] PHP Warning:  Trying to access array offset on value of type bool in C:\Users\versa\Documents\Donjon_et_dragon_php_poo\Personnage.php on line 169
[24-Nov-2023 12:15:27 UTC] PHP Warning:  Trying to access array offset on value of type bool in C:\Users\versa\Documents\Donjon_et_dragon_php_poo\Personnage.php on line 169
[24-Nov-2023 12:15:27 UTC] PHP Warning:  Trying to access array offset on value of type bool in C:\Users\versa\Documents\Donjon_et_dragon_php_poo\Personnage.php on line 169
[24-Nov-2023 12:15:27 UTC] PHP Warning:  Trying to access array offset on value of type bool in C:\Users\versa\Documents\Donjon_et_dragon_php_poo\Personnage.php on line 169
[24-Nov-2023 12:15:27 UTC] PHP Warning:  Trying to access array offset on value of type bool in C:\Users\versa\Documents\Donjon_et_dragon_php_poo\Personnage.php on line 169
[24-Nov-2023 12:15:27 UTC] PHP Warning:  Trying to access array offset on value of type bool in C:\Users\versa\Documents\Donjon_et_dragon_php_poo\Personnage.php on line 169
[24-Nov-2023 12:15:27 UTC] PHP Warning:  Trying to access array offset on value of type bool in C:\Users\versa\Documents\Donjon_et_dragon_php_poo\Personnage.php on line 169
[24-Nov-2023 12:15:27 UTC] PHP Warning:  Trying to access array offset on value of type bool in C:\Users\versa\Documents\Donjon_et_dragon_php_poo\Personnage.php on line 169
[24-Nov-2023 12:15:27 UTC] PHP Warning:  Trying to access array offset on value of type bool in C:\Users\versa\Documents\Donjon_et_dragon_php_poo\Personnage.php on line 169
[24-Nov-2023 12:15:27 UTC] PHP Warning:  Trying to access array offset on value of type bool in C:\Users\versa\Documents\Donjon_et_dragon_php_poo\Personnage.php on line 169
[24-Nov-2023 12:15:27 UTC] PHP Warning:  Trying to access array offset on value of type bool in C:\Users\versa\Documents\Donjon_et_dragon_php_poo\Personnage.php on line 169
[24-Nov-2023 12:15:27 UTC] PHP Warning:  Trying to access array offset on value of type bool in C:\Users\versa\Documents\Donjon_et_dragon_php_poo\Personnage.php on line 169
[24-Nov-2023 12:15:27 UTC] PHP Warning:  Trying to access array offset on value of type bool in C:\Users\versa\Documents\Donjon_et_dragon_php_poo\Personnage.php on line 169
[24-Nov-2023 12:16:40 UTC] PHP Warning:  Undefined variable $personnage in C:\Users\versa\Documents\Donjon_et_dragon_php_poo\Personnage.php on line 201
[24-Nov-2023 12:16:40 UTC] PHP Fatal error:  Uncaught Error: Call to a member function getNom() on null in C:\Users\versa\Documents\Donjon_et_dragon_php_poo\Personnage.php:201
Stack trace:
#0 {main}
  thrown in C:\Users\versa\Documents\Donjon_et_dragon_php_poo\Personnage.php on line 201
[24-Nov-2023 12:16:47 UTC] PHP Warning:  Undefined variable $personnage in C:\Users\versa\Documents\Donjon_et_dragon_php_poo\Personnage.php on line 201
[24-Nov-2023 12:16:47 UTC] PHP Fatal error:  Uncaught Error: Call to a member function getNom() on null in C:\Users\versa\Documents\Donjon_et_dragon_php_poo\Personnage.php:201
Stack trace:
#0 C:\Users\versa\Documents\Donjon_et_dragon_php_poo\Menu.php(4): require_once()
#1 {main}
  thrown in C:\Users\versa\Documents\Donjon_et_dragon_php_poo\Personnage.php on line 201
[24-Nov-2023 12:17:08 UTC] PHP Warning:  Undefined array key "nom" in C:\Users\versa\Documents\Donjon_et_dragon_php_poo\Personnage.php on line 201
[24-Nov-2023 12:17:24 UTC] PHP Warning:  Undefined variable $personnage in C:\Users\versa\Documents\Donjon_et_dragon_php_poo\Menu.php on line 138
[24-Nov-2023 12:17:24 UTC] PHP Warning:  Undefined variable $personnage in C:\Users\versa\Documents\Donjon_et_dragon_php_poo\Menu.php on line 143
[24-Nov-2023 12:21:27 UTC] PHP Warning:  Undefined variable $personnage in C:\Users\versa\Documents\Donjon_et_dragon_php_poo\Menu.php on line 144
[24-Nov-2023 12:21:27 UTC] PHP Warning:  Undefined variable $personnage in C:\Users\versa\Documents\Donjon_et_dragon_php_poo\Menu.php on line 149
[24-Nov-2023 12:23:22 UTC] PHP Warning:  Undefined variable $personnage in C:\Users\versa\Documents\Donjon_et_dragon_php_poo\Menu.php on line 58
[24-Nov-2023 12:23:22 UTC] PHP Warning:  Undefined variable $personnage in C:\Users\versa\Documents\Donjon_et_dragon_php_poo\Menu.php on line 62
[24-Nov-2023 12:23:22 UTC] PHP Fatal error:  Uncaught Error: Call to undefined method Personnage::instanceVariables() in C:\Users\versa\Documents\Donjon_et_dragon_php_poo\Menu.php:64
Stack trace:
#0 C:\Users\versa\Documents\Donjon_et_dragon_php_poo\Menu.php(179): Menu->choixPersonnage()
#1 C:\Users\versa\Documents\Donjon_et_dragon_php_poo\Menu.php(287): Menu->menuLancement()
#2 {main}
  thrown in C:\Users\versa\Documents\Donjon_et_dragon_php_poo\Menu.php on line 64
[24-Nov-2023 12:24:26 UTC] PHP Warning:  Undefined variable $personnage in C:\Users\versa\Documents\Donjon_et_dragon_php_poo\Menu.php on line 58
[24-Nov-2023 12:24:26 UTC] PHP Warning:  Undefined variable $personnage in C:\Users\versa\Documents\Donjon_et_dragon_php_poo\Menu.php on line 62
[24-Nov-2023 12:24:41 UTC] PHP Warning:  Undefined variable $personnage in C:\Users\versa\Documents\Donjon_et_dragon_php_poo\Menu.php on line 58
[24-Nov-2023 12:24:41 UTC] PHP Warning:  Undefined variable $personnage in C:\Users\versa\Documents\Donjon_et_dragon_php_poo\Menu.php on line 62
[24-Nov-2023 12:24:45 UTC] PHP Warning:  Undefined variable $personnage in C:\Users\versa\Documents\Donjon_et_dragon_php_poo\Menu.php on line 100
[24-Nov-2023 12:24:45 UTC] PHP Warning:  Undefined variable $personnage in C:\Users\versa\Documents\Donjon_et_dragon_php_poo\Menu.php on line 104
[24-Nov-2023 12:26:20 UTC] PHP Warning:  Undefined variable $personnage in C:\Users\versa\Documents\Donjon_et_dragon_php_poo\Menu.php on line 59
[24-Nov-2023 12:26:20 UTC] PHP Warning:  Undefined variable $personnage in C:\Users\versa\Documents\Donjon_et_dragon_php_poo\Menu.php on line 63
[24-Nov-2023 12:29:24 UTC] PHP Warning:  Undefined variable $aykiu in C:\Users\versa\Documents\Donjon_et_dragon_php_poo\Menu.php on line 59
[24-Nov-2023 12:29:24 UTC] PHP Warning:  Undefined variable $aykiu in C:\Users\versa\Documents\Donjon_et_dragon_php_poo\Menu.php on line 63
[24-Nov-2023 12:29:58 UTC] PHP Warning:  Undefined variable $personnage in C:\Users\versa\Documents\Donjon_et_dragon_php_poo\Menu.php on line 50
[24-Nov-2023 12:29:58 UTC] PHP Warning:  Attempt to read property "getNom" on null in C:\Users\versa\Documents\Donjon_et_dragon_php_poo\Menu.php on line 50
[24-Nov-2023 12:29:58 UTC] PHP Warning:  Undefined variable $personnage in C:\Users\versa\Documents\Donjon_et_dragon_php_poo\Menu.php on line 51
[24-Nov-2023 12:29:58 UTC] PHP Warning:  Attempt to read property "getPointsDeVie" on null in C:\Users\versa\Documents\Donjon_et_dragon_php_poo\Menu.php on line 51
[24-Nov-2023 12:29:58 UTC] PHP Warning:  Undefined variable $personnage in C:\Users\versa\Documents\Donjon_et_dragon_php_poo\Menu.php on line 52
[24-Nov-2023 12:29:58 UTC] PHP Warning:  Attempt to read property "getPointsAttaque" on null in C:\Users\versa\Documents\Donjon_et_dragon_php_poo\Menu.php on line 52
[24-Nov-2023 12:29:58 UTC] PHP Warning:  Undefined variable $personnage in C:\Users\versa\Documents\Donjon_et_dragon_php_poo\Menu.php on line 53
[24-Nov-2023 12:29:58 UTC] PHP Warning:  Attempt to read property "getPointsDefense" on null in C:\Users\versa\Documents\Donjon_et_dragon_php_poo\Menu.php on line 53
[24-Nov-2023 12:29:58 UTC] PHP Warning:  Undefined variable $personnage in C:\Users\versa\Documents\Donjon_et_dragon_php_poo\Menu.php on line 54
[24-Nov-2023 12:29:58 UTC] PHP Warning:  Attempt to read property "getPassif" on null in C:\Users\versa\Documents\Donjon_et_dragon_php_poo\Menu.php on line 54
[24-Nov-2023 12:29:58 UTC] PHP Warning:  Undefined variable $personnage in C:\Users\versa\Documents\Donjon_et_dragon_php_poo\Menu.php on line 55
[24-Nov-2023 12:29:58 UTC] PHP Warning:  Attempt to read property "getType" on null in C:\Users\versa\Documents\Donjon_et_dragon_php_poo\Menu.php on line 55
[24-Nov-2023 13:08:48 UTC] PHP Warning:  Undefined variable $aykiu in C:\Users\versa\Documents\Donjon_et_dragon_php_poo\Menu.php on line 59
[24-Nov-2023 13:13:20 UTC] PHP Warning:  Undefined variable $aykiu in C:\Users\versa\Documents\Donjon_et_dragon_php_poo\Menu.php on line 59
[24-Nov-2023 13:14:18 UTC] PHP Warning:  Undefined variable $aykiu in C:\Users\versa\Documents\Donjon_et_dragon_php_poo\Menu.php on line 59
[24-Nov-2023 13:14:58 UTC] PHP Parse error:  syntax error, unexpected token "case" in C:\Users\versa\Documents\Donjon_et_dragon_php_poo\Menu.php on line 73
[24-Nov-2023 13:15:00 UTC] PHP Parse error:  syntax error, unexpected token "case" in C:\Users\versa\Documents\Donjon_et_dragon_php_poo\Menu.php on line 73
[24-Nov-2023 13:15:09 UTC] PHP Parse error:  syntax error, unexpected token "case" in C:\Users\versa\Documents\Donjon_et_dragon_php_poo\Menu.php on line 73
[24-Nov-2023 13:15:33 UTC] PHP Parse error:  syntax error, unexpected token "case" in C:\Users\versa\Documents\Donjon_et_dragon_php_poo\Menu.php on line 73
[24-Nov-2023 13:31:06 UTC] PHP Fatal error:  Uncaught Error: Class "Salle" not found in C:\Users\versa\Documents\Donjon_et_dragon_php_poo\Menu.php:226
Stack trace:
#0 C:\Users\versa\Documents\Donjon_et_dragon_php_poo\Menu.php(206): Menu->explorerSalle()
#1 C:\Users\versa\Documents\Donjon_et_dragon_php_poo\Menu.php(69): Menu->menuDonjon()
#2 C:\Users\versa\Documents\Donjon_et_dragon_php_poo\Menu.php(178): Menu->choixPersonnage()
#3 C:\Users\versa\Documents\Donjon_et_dragon_php_poo\Menu.php(290): Menu->menuLancement()
#4 {main}
  thrown in C:\Users\versa\Documents\Donjon_et_dragon_php_poo\Menu.php on line 226
[24-Nov-2023 13:34:37 UTC] PHP Fatal error:  Uncaught Error: Class "Salle" not found in C:\Users\versa\Documents\Donjon_et_dragon_php_poo\Menu.php:229
Stack trace:
#0 C:\Users\versa\Documents\Donjon_et_dragon_php_poo\Menu.php(209): Menu->explorerSalle()
#1 C:\Users\versa\Documents\Donjon_et_dragon_php_poo\Menu.php(70): Menu->menuDonjon()
#2 C:\Users\versa\Documents\Donjon_et_dragon_php_poo\Menu.php(181): Menu->choixPersonnage()
#3 C:\Users\versa\Documents\Donjon_et_dragon_php_poo\Menu.php(294): Menu->menuLancement()
#4 {main}
  thrown in C:\Users\versa\Documents\Donjon_et_dragon_php_poo\Menu.php on line 229
[24-Nov-2023 13:44:24 UTC] PHP Fatal error:  Uncaught Error: Class "SalleDAO" not found in C:\Users\versa\Documents\Donjon_et_dragon_php_poo\Menu.php:229
Stack trace:
#0 C:\Users\versa\Documents\Donjon_et_dragon_php_poo\Menu.php(278): Menu->explorerSalle()
#1 {main}
  thrown in C:\Users\versa\Documents\Donjon_et_dragon_php_poo\Menu.php on line 229
[24-Nov-2023 13:44:53 UTC] PHP Fatal error:  Uncaught Error: Class "SalleDAO" not found in C:\Users\versa\Documents\Donjon_et_dragon_php_poo\Menu.php:229
Stack trace:
#0 C:\Users\versa\Documents\Donjon_et_dragon_php_poo\Menu.php(209): Menu->explorerSalle()
#1 C:\Users\versa\Documents\Donjon_et_dragon_php_poo\Menu.php(70): Menu->menuDonjon()
#2 C:\Users\versa\Documents\Donjon_et_dragon_php_poo\Menu.php(181): Menu->choixPersonnage()
#3 C:\Users\versa\Documents\Donjon_et_dragon_php_poo\Menu.php(278): Menu->menuLancement()
#4 {main}
  thrown in C:\Users\versa\Documents\Donjon_et_dragon_php_poo\Menu.php on line 229
[24-Nov-2023 14:56:55 UTC] PHP Parse error:  Unmatched '}' in C:\Users\versa\Documents\Donjon_et_dragon_php_poo\Menu.php on line 364
[24-Nov-2023 14:57:43 UTC] PHP Parse error:  syntax error, unexpected variable "$minautore" in C:\Users\versa\Documents\Donjon_et_dragon_php_poo\Monstres.php on line 260
[24-Nov-2023 15:01:28 UTC] PHP Fatal error:  Uncaught Error: Class "Monstre" not found in C:\Users\versa\Documents\Donjon_et_dragon_php_poo\Monstres.php:240
Stack trace:
#0 C:\Users\versa\Documents\Donjon_et_dragon_php_poo\Menu.php(6): require_once()
#1 {main}
  thrown in C:\Users\versa\Documents\Donjon_et_dragon_php_poo\Monstres.php on line 240
[24-Nov-2023 15:09:15 UTC] PHP Fatal error:  Uncaught Error: Class "Monstre" not found in C:\Users\versa\Documents\Donjon_et_dragon_php_poo\Monstres.php:231
Stack trace:
#0 {main}
  thrown in C:\Users\versa\Documents\Donjon_et_dragon_php_poo\Monstres.php on line 231
[24-Nov-2023 15:09:31 UTC] PHP Fatal error:  Uncaught Error: Class "Monstre" not found in C:\Users\versa\Documents\Donjon_et_dragon_php_poo\Monstres.php:231
Stack trace:
#0 {main}
  thrown in C:\Users\versa\Documents\Donjon_et_dragon_php_poo\Monstres.php on line 231
[24-Nov-2023 15:09:57 UTC] PHP Fatal error:  Uncaught Error: Class "Monstres" not found in C:\Users\versa\Documents\Donjon_et_dragon_php_poo\Monstres.php:231
Stack trace:
#0 {main}
  thrown in C:\Users\versa\Documents\Donjon_et_dragon_php_poo\Monstres.php on line 231
[24-Nov-2023 15:10:17 UTC] PHP Warning:  Undefined variable $monstresDAO in C:\Users\versa\Documents\Donjon_et_dragon_php_poo\Monstres.php on line 232
[24-Nov-2023 15:10:17 UTC] PHP Fatal error:  Uncaught Error: Call to a member function ajouterMonstres() on null in C:\Users\versa\Documents\Donjon_et_dragon_php_poo\Monstres.php:232
Stack trace:
#0 {main}
  thrown in C:\Users\versa\Documents\Donjon_et_dragon_php_poo\Monstres.php on line 232
[24-Nov-2023 15:10:44 UTC] PHP Fatal error:  Uncaught Error: Call to undefined method Monstres::getIdSalle() in C:\Users\versa\Documents\Donjon_et_dragon_php_poo\Monstres.php:191
Stack trace:
#0 C:\Users\versa\Documents\Donjon_et_dragon_php_poo\Monstres.php(232): MonstresDAO->ajouterMonstres(Object(Monstres))
#1 {main}
  thrown in C:\Users\versa\Documents\Donjon_et_dragon_php_poo\Monstres.php on line 191
[24-Nov-2023 15:11:38 UTC] PHP Parse error:  syntax error, unexpected token "public" in C:\Users\versa\Documents\Donjon_et_dragon_php_poo\Monstres.php on line 163
[24-Nov-2023 15:11:46 UTC] PHP Fatal error:  Uncaught Error: Call to undefined method Monstres::getIdSalle() in C:\Users\versa\Documents\Donjon_et_dragon_php_poo\Monstres.php:196
Stack trace:
#0 C:\Users\versa\Documents\Donjon_et_dragon_php_poo\Monstres.php(237): MonstresDAO->ajouterMonstres(Object(Monstres))
#1 {main}
  thrown in C:\Users\versa\Documents\Donjon_et_dragon_php_poo\Monstres.php on line 196
[24-Nov-2023 15:13:40 UTC] PHP Fatal error:  Uncaught Error: Call to undefined method Monstres::getIdSalle() in C:\Users\versa\Documents\Donjon_et_dragon_php_poo\Monstres.php:196
Stack trace:
#0 C:\Users\versa\Documents\Donjon_et_dragon_php_poo\Monstres.php(237): MonstresDAO->ajouterMonstres(Object(Monstres))
#1 {main}
  thrown in C:\Users\versa\Documents\Donjon_et_dragon_php_poo\Monstres.php on line 196
[24-Nov-2023 15:13:59 UTC] PHP Fatal error:  Uncaught PDOException: SQLSTATE[HY093]: Invalid parameter number: number of bound variables does not match number of tokens in C:\Users\versa\Documents\Donjon_et_dragon_php_poo\Monstres.php:185
Stack trace:
#0 C:\Users\versa\Documents\Donjon_et_dragon_php_poo\Monstres.php(185): PDOStatement->execute(Array)
#1 C:\Users\versa\Documents\Donjon_et_dragon_php_poo\Monstres.php(236): MonstresDAO->ajouterMonstres(Object(Monstres))
#2 {main}
  thrown in C:\Users\versa\Documents\Donjon_et_dragon_php_poo\Monstres.php on line 185
[24-Nov-2023 15:15:17 UTC] PHP Fatal error:  Uncaught Error: Call to undefined method MonstresDAO::ajouterMonstres() in C:\Users\versa\Documents\Donjon_et_dragon_php_poo\Monstres.php:227
Stack trace:
#0 {main}
  thrown in C:\Users\versa\Documents\Donjon_et_dragon_php_poo\Monstres.php on line 227
[24-Nov-2023 15:15:39 UTC] PHP Fatal error:  Uncaught Error: Call to undefined method MonstresDAO::ajouterMonstres() in C:\Users\versa\Documents\Donjon_et_dragon_php_poo\Monstres.php:227
Stack trace:
#0 C:\Users\versa\Documents\Donjon_et_dragon_php_poo\Menu.php(6): require_once()
#1 {main}
  thrown in C:\Users\versa\Documents\Donjon_et_dragon_php_poo\Monstres.php on line 227
[24-Nov-2023 15:15:53 UTC] PHP Fatal error:  Uncaught Error: Call to undefined method MonstresDAO::ajouterMonstres() in C:\Users\versa\Documents\Donjon_et_dragon_php_poo\Monstres.php:227
Stack trace:
#0 C:\Users\versa\Documents\Donjon_et_dragon_php_poo\Menu.php(6): require_once()
#1 {main}
  thrown in C:\Users\versa\Documents\Donjon_et_dragon_php_poo\Monstres.php on line 227
[24-Nov-2023 15:16:07 UTC] PHP Fatal error:  Uncaught Error: Call to undefined method MonstresDAO::ajouterMonstres() in C:\Users\versa\Documents\Donjon_et_dragon_php_poo\Monstres.php:228
Stack trace:
#0 C:\Users\versa\Documents\Donjon_et_dragon_php_poo\Menu.php(6): require_once()
#1 {main}
  thrown in C:\Users\versa\Documents\Donjon_et_dragon_php_poo\Monstres.php on line 228
[24-Nov-2023 15:16:14 UTC] PHP Fatal error:  Uncaught Error: Call to undefined method MonstresDAO::ajouterMonstres() in C:\Users\versa\Documents\Donjon_et_dragon_php_poo\Monstres.php:227
Stack trace:
#0 C:\Users\versa\Documents\Donjon_et_dragon_php_poo\Menu.php(6): require_once()
#1 {main}
  thrown in C:\Users\versa\Documents\Donjon_et_dragon_php_poo\Monstres.php on line 227
[24-Nov-2023 15:16:51 UTC] PHP Warning:  Trying to access array offset on value of type bool in C:\Users\versa\Documents\Donjon_et_dragon_php_poo\Arme.php on line 126
[24-Nov-2023 15:16:51 UTC] PHP Warning:  Trying to access array offset on value of type bool in C:\Users\versa\Documents\Donjon_et_dragon_php_poo\Arme.php on line 126
[24-Nov-2023 15:16:51 UTC] PHP Warning:  Trying to access array offset on value of type bool in C:\Users\versa\Documents\Donjon_et_dragon_php_poo\Arme.php on line 126
[24-Nov-2023 15:16:51 UTC] PHP Warning:  Trying to access array offset on value of type bool in C:\Users\versa\Documents\Donjon_et_dragon_php_poo\Arme.php on line 126
[24-Nov-2023 15:16:51 UTC] PHP Warning:  Trying to access array offset on value of type bool in C:\Users\versa\Documents\Donjon_et_dragon_php_poo\Arme.php on line 126
[24-Nov-2023 15:16:51 UTC] PHP Warning:  Trying to access array offset on value of type bool in C:\Users\versa\Documents\Donjon_et_dragon_php_poo\Arme.php on line 126
[24-Nov-2023 15:16:51 UTC] PHP Warning:  Trying to access array offset on value of type bool in C:\Users\versa\Documents\Donjon_et_dragon_php_poo\Arme.php on line 126
[24-Nov-2023 15:16:51 UTC] PHP Warning:  Trying to access array offset on value of type bool in C:\Users\versa\Documents\Donjon_et_dragon_php_poo\Arme.php on line 126
[24-Nov-2023 15:16:51 UTC] PHP Fatal error:  Uncaught Error: Class "MonstreDAO" not found in C:\Users\versa\Documents\Donjon_et_dragon_php_poo\Menu.php:337
Stack trace:
#0 {main}
  thrown in C:\Users\versa\Documents\Donjon_et_dragon_php_poo\Menu.php on line 337
[24-Nov-2023 15:18:05 UTC] PHP Fatal error:  Uncaught Error: Call to undefined method MonstresDAO::ajouterMonstres() in C:\Users\versa\Documents\Donjon_et_dragon_php_poo\Monstres.php:227
Stack trace:
#0 {main}
  thrown in C:\Users\versa\Documents\Donjon_et_dragon_php_poo\Monstres.php on line 227
[24-Nov-2023 15:18:28 UTC] PHP Warning:  Trying to access array offset on value of type bool in C:\Users\versa\Documents\Donjon_et_dragon_php_poo\Arme.php on line 126
[24-Nov-2023 15:18:28 UTC] PHP Warning:  Trying to access array offset on value of type bool in C:\Users\versa\Documents\Donjon_et_dragon_php_poo\Arme.php on line 126
[24-Nov-2023 15:18:28 UTC] PHP Warning:  Trying to access array offset on value of type bool in C:\Users\versa\Documents\Donjon_et_dragon_php_poo\Arme.php on line 126
[24-Nov-2023 15:18:28 UTC] PHP Warning:  Trying to access array offset on value of type bool in C:\Users\versa\Documents\Donjon_et_dragon_php_poo\Arme.php on line 126
[24-Nov-2023 15:18:28 UTC] PHP Warning:  Trying to access array offset on value of type bool in C:\Users\versa\Documents\Donjon_et_dragon_php_poo\Arme.php on line 126
[24-Nov-2023 15:18:28 UTC] PHP Warning:  Trying to access array offset on value of type bool in C:\Users\versa\Documents\Donjon_et_dragon_php_poo\Arme.php on line 126
[24-Nov-2023 15:18:28 UTC] PHP Warning:  Trying to access array offset on value of type bool in C:\Users\versa\Documents\Donjon_et_dragon_php_poo\Arme.php on line 126
[24-Nov-2023 15:18:28 UTC] PHP Warning:  Trying to access array offset on value of type bool in C:\Users\versa\Documents\Donjon_et_dragon_php_poo\Arme.php on line 126
[24-Nov-2023 15:18:28 UTC] PHP Fatal error:  Uncaught Error: Class "MonstreDAO" not found in C:\Users\versa\Documents\Donjon_et_dragon_php_poo\Menu.php:337
Stack trace:
#0 {main}
  thrown in C:\Users\versa\Documents\Donjon_et_dragon_php_poo\Menu.php on line 337
[24-Nov-2023 15:19:32 UTC] PHP Fatal error:  Uncaught Error: Call to undefined method MonstresDAO::ajouterMonstres() in C:\Users\versa\Documents\Donjon_et_dragon_php_poo\Monstres.php:227
Stack trace:
#0 {main}
  thrown in C:\Users\versa\Documents\Donjon_et_dragon_php_poo\Monstres.php on line 227
[24-Nov-2023 15:19:42 UTC] PHP Fatal error:  Uncaught Error: Call to undefined method ArmeDAO::getArme() in C:\Users\versa\Documents\Donjon_et_dragon_php_poo\Menu.php:331
Stack trace:
#0 {main}
  thrown in C:\Users\versa\Documents\Donjon_et_dragon_php_poo\Menu.php on line 331
[24-Nov-2023 15:20:06 UTC] PHP Fatal error:  Uncaught Error: Class "MonstreDAO" not found in C:\Users\versa\Documents\Donjon_et_dragon_php_poo\Menu.php:335
Stack trace:
#0 {main}
  thrown in C:\Users\versa\Documents\Donjon_et_dragon_php_poo\Menu.php on line 335
[24-Nov-2023 15:20:24 UTC] PHP Fatal error:  Uncaught Error: Class "MonstresDAO" not found in C:\Users\versa\Documents\Donjon_et_dragon_php_poo\Menu.php:335
Stack trace:
#0 {main}
  thrown in C:\Users\versa\Documents\Donjon_et_dragon_php_poo\Menu.php on line 335
[24-Nov-2023 15:20:34 UTC] PHP Fatal error:  Uncaught Error: Call to undefined method MonstresDAO::ajouterMonstres() in C:\Users\versa\Documents\Donjon_et_dragon_php_poo\Monstres.php:227
Stack trace:
#0 C:\Users\versa\Documents\Donjon_et_dragon_php_poo\Menu.php(6): require_once()
#1 {main}
  thrown in C:\Users\versa\Documents\Donjon_et_dragon_php_poo\Monstres.php on line 227
[24-Nov-2023 15:21:24 UTC] PHP Fatal error:  Uncaught Error: Call to undefined method MonstresDAO::ajouterMonstres() in C:\Users\versa\Documents\Donjon_et_dragon_php_poo\Monstres.php:243
Stack trace:
#0 C:\Users\versa\Documents\Donjon_et_dragon_php_poo\Menu.php(6): require_once()
#1 {main}
  thrown in C:\Users\versa\Documents\Donjon_et_dragon_php_poo\Monstres.php on line 243
[24-Nov-2023 15:21:43 UTC] PHP Parse error:  syntax error, unexpected token "public", expecting end of file in C:\Users\versa\Documents\Donjon_et_dragon_php_poo\Monstres.php on line 135
[24-Nov-2023 15:22:12 UTC] PHP Fatal error:  Uncaught Error: Call to undefined method MonstresDAO::ajouterMonstres() in C:\Users\versa\Documents\Donjon_et_dragon_php_poo\Monstres.php:245
Stack trace:
#0 C:\Users\versa\Documents\Donjon_et_dragon_php_poo\Menu.php(6): require_once()
#1 {main}
  thrown in C:\Users\versa\Documents\Donjon_et_dragon_php_poo\Monstres.php on line 245
[24-Nov-2023 15:22:53 UTC] PHP Fatal error:  Uncaught Error: Call to undefined method MonstresDAO::ajouterMonstres() in C:\Users\versa\Documents\Donjon_et_dragon_php_poo\Monstres.php:245
Stack trace:
#0 C:\Users\versa\Documents\Donjon_et_dragon_php_poo\Menu.php(6): require_once()
#1 {main}
  thrown in C:\Users\versa\Documents\Donjon_et_dragon_php_poo\Monstres.php on line 245
[24-Nov-2023 15:23:03 UTC] PHP Fatal error:  Uncaught Error: Call to undefined method MonstresDAO::ajouterMonstres() in C:\Users\versa\Documents\Donjon_et_dragon_php_poo\Monstres.php:245
Stack trace:
#0 C:\Users\versa\Documents\Donjon_et_dragon_php_poo\Menu.php(6): require_once()
#1 {main}
  thrown in C:\Users\versa\Documents\Donjon_et_dragon_php_poo\Monstres.php on line 245
[24-Nov-2023 15:24:15 UTC] PHP Fatal error:  Uncaught Error: Call to undefined method MonstresDAO::ajouterMonstres() in C:\Users\versa\Documents\Donjon_et_dragon_php_poo\Monstres.php:245
Stack trace:
#0 C:\Users\versa\Documents\Donjon_et_dragon_php_poo\Menu.php(6): require_once()
#1 {main}
  thrown in C:\Users\versa\Documents\Donjon_et_dragon_php_poo\Monstres.php on line 245
[24-Nov-2023 15:25:29 UTC] PHP Parse error:  Unmatched '}' in C:\Users\versa\Documents\Donjon_et_dragon_php_poo\Monstres.php on line 177
[24-Nov-2023 15:25:40 UTC] PHP Parse error:  syntax error, unexpected variable "$bdd", expecting "function" or "const" in C:\Users\versa\Documents\Donjon_et_dragon_php_poo\Monstres.php on line 227
[24-Nov-2023 15:25:53 UTC] PHP Warning:  Undefined property: MonstresDAO::$nom in C:\Users\versa\Documents\Donjon_et_dragon_php_poo\Monstres.php on line 212
[24-Nov-2023 15:25:53 UTC] PHP Warning:  Undefined property: MonstresDAO::$pointsDeVie in C:\Users\versa\Documents\Donjon_et_dragon_php_poo\Monstres.php on line 213
[24-Nov-2023 15:25:53 UTC] PHP Warning:  Undefined property: MonstresDAO::$pointsAttaque in C:\Users\versa\Documents\Donjon_et_dragon_php_poo\Monstres.php on line 214
[24-Nov-2023 15:25:53 UTC] PHP Warning:  Undefined property: MonstresDAO::$pointsDefense in C:\Users\versa\Documents\Donjon_et_dragon_php_poo\Monstres.php on line 215
[24-Nov-2023 15:25:53 UTC] PHP Warning:  Undefined property: MonstresDAO::$experience in C:\Users\versa\Documents\Donjon_et_dragon_php_poo\Monstres.php on line 216
[24-Nov-2023 15:25:53 UTC] PHP Warning:  Undefined property: MonstresDAO::$niveau in C:\Users\versa\Documents\Donjon_et_dragon_php_poo\Monstres.php on line 217
[24-Nov-2023 15:25:53 UTC] PHP Warning:  Undefined property: MonstresDAO::$armeEquipee in C:\Users\versa\Documents\Donjon_et_dragon_php_poo\Monstres.php on line 218
[24-Nov-2023 15:25:53 UTC] PHP Warning:  Undefined property: MonstresDAO::$passif in C:\Users\versa\Documents\Donjon_et_dragon_php_poo\Monstres.php on line 219
[24-Nov-2023 15:25:53 UTC] PHP Warning:  Undefined property: MonstresDAO::$type in C:\Users\versa\Documents\Donjon_et_dragon_php_poo\Monstres.php on line 220
[24-Nov-2023 15:25:53 UTC] PHP Warning:  Undefined property: MonstresDAO::$est_vivant in C:\Users\versa\Documents\Donjon_et_dragon_php_poo\Monstres.php on line 221
[24-Nov-2023 15:25:53 UTC] PHP Warning:  Undefined property: MonstresDAO::$id_salle in C:\Users\versa\Documents\Donjon_et_dragon_php_poo\Monstres.php on line 222
[24-Nov-2023 15:25:53 UTC] PHP Fatal error:  Uncaught PDOException: SQLSTATE[23000]: Integrity constraint violation: 1048 Column 'nom' cannot be null in C:\Users\versa\Documents\Donjon_et_dragon_php_poo\Monstres.php:211
Stack trace:
#0 C:\Users\versa\Documents\Donjon_et_dragon_php_poo\Monstres.php(211): PDOStatement->execute(Array)
#1 C:\Users\versa\Documents\Donjon_et_dragon_php_poo\Monstres.php(246): MonstresDAO->ajouterMonstres(Object(Monstres))
#2 C:\Users\versa\Documents\Donjon_et_dragon_php_poo\Menu.php(6): require_once('C:\\Users\\versa\\...')
#3 {main}
  thrown in C:\Users\versa\Documents\Donjon_et_dragon_php_poo\Monstres.php on line 211
[24-Nov-2023 15:26:49 UTC] PHP Fatal error:  Uncaught Error: Call to undefined method Monstres::getIdSalle() in C:\Users\versa\Documents\Donjon_et_dragon_php_poo\Monstres.php:222
Stack trace:
#0 C:\Users\versa\Documents\Donjon_et_dragon_php_poo\Monstres.php(246): MonstresDAO->ajouterMonstres(Object(Monstres))
#1 C:\Users\versa\Documents\Donjon_et_dragon_php_poo\Menu.php(6): require_once('C:\\Users\\versa\\...')
#2 {main}
  thrown in C:\Users\versa\Documents\Donjon_et_dragon_php_poo\Monstres.php on line 222
[24-Nov-2023 15:27:07 UTC] PHP Fatal error:  Uncaught PDOException: SQLSTATE[42S02]: Base table or view not found: 1146 Table 'donjon.monstress' doesn't exist in C:\Users\versa\Documents\Donjon_et_dragon_php_poo\Monstres.php:191
Stack trace:
#0 C:\Users\versa\Documents\Donjon_et_dragon_php_poo\Monstres.php(191): PDOStatement->execute(Array)
#1 C:\Users\versa\Documents\Donjon_et_dragon_php_poo\Menu.php(335): MonstresDAO->getMonstres(1)
#2 {main}
  thrown in C:\Users\versa\Documents\Donjon_et_dragon_php_poo\Monstres.php on line 191
[24-Nov-2023 15:27:32 UTC] PHP Warning:  Trying to access array offset on value of type bool in C:\Users\versa\Documents\Donjon_et_dragon_php_poo\Monstres.php on line 193
[24-Nov-2023 15:27:32 UTC] PHP Warning:  Trying to access array offset on value of type bool in C:\Users\versa\Documents\Donjon_et_dragon_php_poo\Monstres.php on line 193
[24-Nov-2023 15:27:32 UTC] PHP Warning:  Trying to access array offset on value of type bool in C:\Users\versa\Documents\Donjon_et_dragon_php_poo\Monstres.php on line 193
[24-Nov-2023 15:27:32 UTC] PHP Warning:  Trying to access array offset on value of type bool in C:\Users\versa\Documents\Donjon_et_dragon_php_poo\Monstres.php on line 193
[24-Nov-2023 15:27:32 UTC] PHP Warning:  Trying to access array offset on value of type bool in C:\Users\versa\Documents\Donjon_et_dragon_php_poo\Monstres.php on line 193
[24-Nov-2023 15:27:32 UTC] PHP Warning:  Trying to access array offset on value of type bool in C:\Users\versa\Documents\Donjon_et_dragon_php_poo\Monstres.php on line 193
[24-Nov-2023 15:27:32 UTC] PHP Warning:  Trying to access array offset on value of type bool in C:\Users\versa\Documents\Donjon_et_dragon_php_poo\Monstres.php on line 193
[24-Nov-2023 15:27:32 UTC] PHP Warning:  Trying to access array offset on value of type bool in C:\Users\versa\Documents\Donjon_et_dragon_php_poo\Monstres.php on line 193
[24-Nov-2023 15:27:32 UTC] PHP Warning:  Trying to access array offset on value of type bool in C:\Users\versa\Documents\Donjon_et_dragon_php_poo\Monstres.php on line 193
[24-Nov-2023 15:27:32 UTC] PHP Warning:  Trying to access array offset on value of type bool in C:\Users\versa\Documents\Donjon_et_dragon_php_poo\Monstres.php on line 193
[24-Nov-2023 15:27:32 UTC] PHP Warning:  Trying to access array offset on value of type bool in C:\Users\versa\Documents\Donjon_et_dragon_php_poo\Monstres.php on line 193
[24-Nov-2023 15:29:34 UTC] PHP Parse error:  syntax error, unexpected token "public" in C:\Users\versa\Documents\Donjon_et_dragon_php_poo\Monstres.php on line 243
[24-Nov-2023 15:30:00 UTC] PHP Fatal error:  Cannot redeclare MonstresDAO::getMonstres() in C:\Users\versa\Documents\Donjon_et_dragon_php_poo\Monstres.php on line 217
[24-Nov-2023 15:30:19 UTC] PHP Fatal error:  Uncaught Error: Call to undefined method MonstresDAO::ajouterMonstres() in C:\Users\versa\Documents\Donjon_et_dragon_php_poo\Monstres.php:281
Stack trace:
#0 C:\Users\versa\Documents\Donjon_et_dragon_php_poo\Menu.php(6): require_once()
#1 {main}
  thrown in C:\Users\versa\Documents\Donjon_et_dragon_php_poo\Monstres.php on line 281
[24-Nov-2023 15:31:44 UTC] PHP Fatal error:  Uncaught Error: Call to undefined method MonstresDAO::ajouterMonstres() in C:\Users\versa\Documents\Donjon_et_dragon_php_poo\Monstres.php:280
Stack trace:
#0 C:\Users\versa\Documents\Donjon_et_dragon_php_poo\Menu.php(6): require_once()
#1 {main}
  thrown in C:\Users\versa\Documents\Donjon_et_dragon_php_poo\Monstres.php on line 280
[24-Nov-2023 15:33:33 UTC] PHP Fatal error:  Uncaught Error: Call to undefined method MonstresDAO::ajouterMonstres() in C:\Users\versa\Documents\Donjon_et_dragon_php_poo\Monstres.php:280
Stack trace:
#0 C:\Users\versa\Documents\Donjon_et_dragon_php_poo\Menu.php(6): require_once()
#1 {main}
  thrown in C:\Users\versa\Documents\Donjon_et_dragon_php_poo\Monstres.php on line 280
[24-Nov-2023 15:33:50 UTC] PHP Parse error:  syntax error, unexpected identifier "afficherEtEffacer" in C:\Users\versa\Documents\Donjon_et_dragon_php_poo\animationBienvenue.php on line 40
[24-Nov-2023 15:34:13 UTC] PHP Fatal error:  Uncaught Error: Class "MonstresDAO" not found in C:\Users\versa\Documents\Donjon_et_dragon_php_poo\Menu.php:327
Stack trace:
#0 {main}
  thrown in C:\Users\versa\Documents\Donjon_et_dragon_php_poo\Menu.php on line 327
[24-Nov-2023 15:34:36 UTC] PHP Fatal error:  Uncaught Error: Class "MonstresDAO" not found in C:\Users\versa\Documents\Donjon_et_dragon_php_poo\Menu.php:327
Stack trace:
#0 {main}
  thrown in C:\Users\versa\Documents\Donjon_et_dragon_php_poo\Menu.php on line 327
[24-Nov-2023 15:35:16 UTC] PHP Fatal error:  Uncaught Error: Class "MonstresDAO" not found in C:\Users\versa\Documents\Donjon_et_dragon_php_poo\Menu.php:327
Stack trace:
#0 {main}
  thrown in C:\Users\versa\Documents\Donjon_et_dragon_php_poo\Menu.php on line 327
[24-Nov-2023 15:35:18 UTC] PHP Fatal error:  Uncaught Error: Class "MonstresDAO" not found in C:\Users\versa\Documents\Donjon_et_dragon_php_poo\Menu.php:327
Stack trace:
#0 {main}
  thrown in C:\Users\versa\Documents\Donjon_et_dragon_php_poo\Menu.php on line 327
[24-Nov-2023 15:35:34 UTC] PHP Fatal error:  Uncaught Error: Call to undefined method MonstresDAO::ajouterMonstres() in C:\Users\versa\Documents\Donjon_et_dragon_php_poo\Monstres.php:280
Stack trace:
#0 C:\Users\versa\Documents\Donjon_et_dragon_php_poo\Menu.php(6): require_once()
#1 {main}
  thrown in C:\Users\versa\Documents\Donjon_et_dragon_php_poo\Monstres.php on line 280
[24-Nov-2023 15:35:58 UTC] PHP Fatal error:  Uncaught Error: Call to undefined method MonstresDAO::ajouterMonstres() in C:\Users\versa\Documents\Donjon_et_dragon_php_poo\Monstres.php:280
Stack trace:
#0 C:\Users\versa\Documents\Donjon_et_dragon_php_poo\Menu.php(6): require_once()
#1 {main}
  thrown in C:\Users\versa\Documents\Donjon_et_dragon_php_poo\Monstres.php on line 280
[24-Nov-2023 15:36:12 UTC] PHP Fatal error:  Uncaught Error: Call to undefined method MonstresDAO::ajouterMonstres() in C:\Users\versa\Documents\Donjon_et_dragon_php_poo\Monstres.php:280
Stack trace:
#0 {main}
  thrown in C:\Users\versa\Documents\Donjon_et_dragon_php_poo\Monstres.php on line 280
[24-Nov-2023 15:36:51 UTC] PHP Fatal error:  Uncaught Error: Call to undefined method MonstresDAO::ajouterMonstres() in C:\Users\versa\Documents\Donjon_et_dragon_php_poo\Monstres.php:280
Stack trace:
#0 C:\Users\versa\Documents\Donjon_et_dragon_php_poo\Menu.php(6): require_once()
#1 {main}
  thrown in C:\Users\versa\Documents\Donjon_et_dragon_php_poo\Monstres.php on line 280
[24-Nov-2023 15:37:18 UTC] PHP Parse error:  Unmatched '}' in C:\Users\versa\Documents\Donjon_et_dragon_php_poo\Monstres.php on line 240
[24-Nov-2023 15:37:37 UTC] PHP Warning:  Undefined property: Combat::$personnage in C:\Users\versa\Documents\Donjon_et_dragon_php_poo\Menu.php on line 277
[24-Nov-2023 15:37:37 UTC] PHP Fatal error:  Uncaught Error: Call to a member function getNom() on null in C:\Users\versa\Documents\Donjon_et_dragon_php_poo\Menu.php:277
Stack trace:
#0 C:\Users\versa\Documents\Donjon_et_dragon_php_poo\Menu.php(331): Combat->debuterCombat()
#1 {main}
  thrown in C:\Users\versa\Documents\Donjon_et_dragon_php_poo\Menu.php on line 277
[24-Nov-2023 15:43:00 UTC] PHP Warning:  Undefined property: Combat::$personnage in C:\Users\versa\Documents\Donjon_et_dragon_php_poo\Menu.php on line 319
[24-Nov-2023 15:43:00 UTC] PHP Fatal error:  Uncaught Error: Call to a member function getNom() on null in C:\Users\versa\Documents\Donjon_et_dragon_php_poo\Menu.php:319
Stack trace:
#0 C:\Users\versa\Documents\Donjon_et_dragon_php_poo\Menu.php(373): Combat->debuterCombat()
#1 {main}
  thrown in C:\Users\versa\Documents\Donjon_et_dragon_php_poo\Menu.php on line 319
[24-Nov-2023 15:45:30 UTC] PHP Warning:  Undefined property: Combat::$personnage in C:\Users\versa\Documents\Donjon_et_dragon_php_poo\Menu.php on line 319
[24-Nov-2023 15:45:30 UTC] PHP Fatal error:  Uncaught Error: Call to a member function getNom() on null in C:\Users\versa\Documents\Donjon_et_dragon_php_poo\Menu.php:319
Stack trace:
#0 C:\Users\versa\Documents\Donjon_et_dragon_php_poo\Menu.php(373): Combat->debuterCombat()
#1 {main}
  thrown in C:\Users\versa\Documents\Donjon_et_dragon_php_poo\Menu.php on line 319
